<?xml version="1.0" encoding="UTF-8"?>
<testsuite xmlns:xsi="http://www.w3.org/2001/XMLSchema-instance" xsi:noNamespaceSchemaLocation="https://maven.apache.org/surefire/maven-surefire-plugin/xsd/surefire-test-report-3.0.xsd" version="3.0" name="org.secondcamel.MySpringBootApplicationTest" time="4.437" tests="1" errors="1" skipped="0" failures="0">
  <properties>
    <property name="sun.desktop" value="windows"/>
    <property name="awt.toolkit" value="sun.awt.windows.WToolkit"/>
    <property name="file.encoding.pkg" value="sun.io"/>
    <property name="java.specification.version" value="1.8"/>
    <property name="sun.cpu.isalist" value="amd64"/>
    <property name="sun.jnu.encoding" value="Cp1252"/>
    <property name="java.class.path" value="C:\Users\alexi\Desktop\Assert\Taller\CamelCapacitacionVideos\secondCamel\camel2\target\test-classes;C:\Users\alexi\Desktop\Assert\Taller\CamelCapacitacionVideos\secondCamel\camel2\target\classes;D:\maven-repo\org\springframework\boot\spring-boot-starter-web\2.5.1\spring-boot-starter-web-2.5.1.jar;D:\maven-repo\org\springframework\boot\spring-boot-starter\2.5.1\spring-boot-starter-2.5.1.jar;D:\maven-repo\org\springframework\boot\spring-boot\2.5.1\spring-boot-2.5.1.jar;D:\maven-repo\org\springframework\boot\spring-boot-autoconfigure\2.5.1\spring-boot-autoconfigure-2.5.1.jar;D:\maven-repo\org\springframework\boot\spring-boot-starter-logging\2.5.1\spring-boot-starter-logging-2.5.1.jar;D:\maven-repo\ch\qos\logback\logback-classic\1.2.3\logback-classic-1.2.3.jar;D:\maven-repo\ch\qos\logback\logback-core\1.2.3\logback-core-1.2.3.jar;D:\maven-repo\org\apache\logging\log4j\log4j-to-slf4j\2.14.1\log4j-to-slf4j-2.14.1.jar;D:\maven-repo\org\apache\logging\log4j\log4j-api\2.14.1\log4j-api-2.14.1.jar;D:\maven-repo\org\slf4j\jul-to-slf4j\1.7.30\jul-to-slf4j-1.7.30.jar;D:\maven-repo\jakarta\annotation\jakarta.annotation-api\1.3.5\jakarta.annotation-api-1.3.5.jar;D:\maven-repo\org\yaml\snakeyaml\1.28\snakeyaml-1.28.jar;D:\maven-repo\org\springframework\boot\spring-boot-starter-json\2.5.1\spring-boot-starter-json-2.5.1.jar;D:\maven-repo\com\fasterxml\jackson\datatype\jackson-datatype-jdk8\2.12.3\jackson-datatype-jdk8-2.12.3.jar;D:\maven-repo\com\fasterxml\jackson\datatype\jackson-datatype-jsr310\2.12.3\jackson-datatype-jsr310-2.12.3.jar;D:\maven-repo\com\fasterxml\jackson\module\jackson-module-parameter-names\2.12.3\jackson-module-parameter-names-2.12.3.jar;D:\maven-repo\org\springframework\spring-web\5.3.8\spring-web-5.3.8.jar;D:\maven-repo\org\springframework\spring-beans\5.3.8\spring-beans-5.3.8.jar;D:\maven-repo\org\springframework\spring-webmvc\5.3.8\spring-webmvc-5.3.8.jar;D:\maven-repo\org\springframework\spring-aop\5.3.8\spring-aop-5.3.8.jar;D:\maven-repo\org\springframework\spring-context\5.3.8\spring-context-5.3.8.jar;D:\maven-repo\org\springframework\spring-expression\5.3.8\spring-expression-5.3.8.jar;D:\maven-repo\org\springframework\boot\spring-boot-starter-undertow\2.5.1\spring-boot-starter-undertow-2.5.1.jar;D:\maven-repo\io\undertow\undertow-core\2.2.8.Final\undertow-core-2.2.8.Final.jar;D:\maven-repo\org\jboss\logging\jboss-logging\3.4.2.Final\jboss-logging-3.4.2.Final.jar;D:\maven-repo\org\jboss\xnio\xnio-api\3.8.0.Final\xnio-api-3.8.0.Final.jar;D:\maven-repo\org\wildfly\common\wildfly-common\1.5.2.Final\wildfly-common-1.5.2.Final.jar;D:\maven-repo\org\wildfly\client\wildfly-client-config\1.0.1.Final\wildfly-client-config-1.0.1.Final.jar;D:\maven-repo\org\jboss\xnio\xnio-nio\3.8.0.Final\xnio-nio-3.8.0.Final.jar;D:\maven-repo\org\jboss\threads\jboss-threads\3.1.0.Final\jboss-threads-3.1.0.Final.jar;D:\maven-repo\io\undertow\undertow-servlet\2.2.8.Final\undertow-servlet-2.2.8.Final.jar;D:\maven-repo\org\jboss\spec\javax\annotation\jboss-annotations-api_1.3_spec\2.0.1.Final\jboss-annotations-api_1.3_spec-2.0.1.Final.jar;D:\maven-repo\io\undertow\undertow-websockets-jsr\2.2.8.Final\undertow-websockets-jsr-2.2.8.Final.jar;D:\maven-repo\org\jboss\spec\javax\websocket\jboss-websocket-api_1.1_spec\2.0.0.Final\jboss-websocket-api_1.1_spec-2.0.0.Final.jar;D:\maven-repo\jakarta\servlet\jakarta.servlet-api\4.0.4\jakarta.servlet-api-4.0.4.jar;D:\maven-repo\org\apache\tomcat\embed\tomcat-embed-el\9.0.46\tomcat-embed-el-9.0.46.jar;D:\maven-repo\org\springframework\boot\spring-boot-starter-actuator\2.5.1\spring-boot-starter-actuator-2.5.1.jar;D:\maven-repo\org\springframework\boot\spring-boot-actuator-autoconfigure\2.5.1\spring-boot-actuator-autoconfigure-2.5.1.jar;D:\maven-repo\org\springframework\boot\spring-boot-actuator\2.5.1\spring-boot-actuator-2.5.1.jar;D:\maven-repo\io\micrometer\micrometer-core\1.7.0\micrometer-core-1.7.0.jar;D:\maven-repo\org\hdrhistogram\HdrHistogram\2.1.12\HdrHistogram-2.1.12.jar;D:\maven-repo\org\latencyutils\LatencyUtils\2.0.3\LatencyUtils-2.0.3.jar;D:\maven-repo\org\apache\camel\springboot\camel-spring-boot-starter\3.11.0\camel-spring-boot-starter-3.11.0.jar;D:\maven-repo\org\apache\camel\springboot\camel-spring-boot\3.11.0\camel-spring-boot-3.11.0.jar;D:\maven-repo\org\apache\camel\camel-spring\3.11.0\camel-spring-3.11.0.jar;D:\maven-repo\org\springframework\spring-tx\5.3.8\spring-tx-5.3.8.jar;D:\maven-repo\org\apache\camel\camel-spring-main\3.11.0\camel-spring-main-3.11.0.jar;D:\maven-repo\org\apache\camel\camel-main\3.11.0\camel-main-3.11.0.jar;D:\maven-repo\org\apache\camel\camel-xml-jaxb-dsl\3.11.0\camel-xml-jaxb-dsl-3.11.0.jar;D:\maven-repo\org\apache\camel\camel-dsl-support\3.11.0\camel-dsl-support-3.11.0.jar;D:\maven-repo\org\apache\camel\camel-endpointdsl\3.11.0\camel-endpointdsl-3.11.0.jar;D:\maven-repo\org\apache\camel\camel-cluster\3.11.0\camel-cluster-3.11.0.jar;D:\maven-repo\org\apache\camel\camel-health\3.11.0\camel-health-3.11.0.jar;D:\maven-repo\org\apache\camel\springboot\camel-core-starter\3.11.0\camel-core-starter-3.11.0.jar;D:\maven-repo\org\apache\camel\springboot\camel-bean-starter\3.11.0\camel-bean-starter-3.11.0.jar;D:\maven-repo\org\apache\camel\camel-bean\3.11.0\camel-bean-3.11.0.jar;D:\maven-repo\org\apache\camel\springboot\camel-browse-starter\3.11.0\camel-browse-starter-3.11.0.jar;D:\maven-repo\org\apache\camel\camel-browse\3.11.0\camel-browse-3.11.0.jar;D:\maven-repo\org\apache\camel\springboot\camel-controlbus-starter\3.11.0\camel-controlbus-starter-3.11.0.jar;D:\maven-repo\org\apache\camel\camel-controlbus\3.11.0\camel-controlbus-3.11.0.jar;D:\maven-repo\org\apache\camel\springboot\camel-dataformat-starter\3.11.0\camel-dataformat-starter-3.11.0.jar;D:\maven-repo\org\apache\camel\camel-dataformat\3.11.0\camel-dataformat-3.11.0.jar;D:\maven-repo\org\apache\camel\springboot\camel-dataset-starter\3.11.0\camel-dataset-starter-3.11.0.jar;D:\maven-repo\org\apache\camel\camel-dataset\3.11.0\camel-dataset-3.11.0.jar;D:\maven-repo\org\apache\camel\springboot\camel-direct-starter\3.11.0\camel-direct-starter-3.11.0.jar;D:\maven-repo\org\apache\camel\camel-direct\3.11.0\camel-direct-3.11.0.jar;D:\maven-repo\org\apache\camel\springboot\camel-directvm-starter\3.11.0\camel-directvm-starter-3.11.0.jar;D:\maven-repo\org\apache\camel\camel-directvm\3.11.0\camel-directvm-3.11.0.jar;D:\maven-repo\org\apache\camel\springboot\camel-file-starter\3.11.0\camel-file-starter-3.11.0.jar;D:\maven-repo\org\apache\camel\springboot\camel-language-starter\3.11.0\camel-language-starter-3.11.0.jar;D:\maven-repo\org\apache\camel\camel-language\3.11.0\camel-language-3.11.0.jar;D:\maven-repo\org\apache\camel\springboot\camel-log-starter\3.11.0\camel-log-starter-3.11.0.jar;D:\maven-repo\org\apache\camel\camel-log\3.11.0\camel-log-3.11.0.jar;D:\maven-repo\org\apache\camel\springboot\camel-mock-starter\3.11.0\camel-mock-starter-3.11.0.jar;D:\maven-repo\org\apache\camel\camel-mock\3.11.0\camel-mock-3.11.0.jar;D:\maven-repo\org\apache\camel\springboot\camel-ref-starter\3.11.0\camel-ref-starter-3.11.0.jar;D:\maven-repo\org\apache\camel\camel-ref\3.11.0\camel-ref-3.11.0.jar;D:\maven-repo\org\apache\camel\springboot\camel-rest-starter\3.11.0\camel-rest-starter-3.11.0.jar;D:\maven-repo\org\apache\camel\camel-rest\3.11.0\camel-rest-3.11.0.jar;D:\maven-repo\org\apache\camel\camel-tooling-model\3.11.0\camel-tooling-model-3.11.0.jar;D:\maven-repo\org\apache\camel\camel-util-json\3.11.0\camel-util-json-3.11.0.jar;D:\maven-repo\org\apache\camel\springboot\camel-saga-starter\3.11.0\camel-saga-starter-3.11.0.jar;D:\maven-repo\org\apache\camel\camel-saga\3.11.0\camel-saga-3.11.0.jar;D:\maven-repo\org\apache\camel\springboot\camel-scheduler-starter\3.11.0\camel-scheduler-starter-3.11.0.jar;D:\maven-repo\org\apache\camel\camel-scheduler\3.11.0\camel-scheduler-3.11.0.jar;D:\maven-repo\org\apache\camel\springboot\camel-seda-starter\3.11.0\camel-seda-starter-3.11.0.jar;D:\maven-repo\org\apache\camel\camel-seda\3.11.0\camel-seda-3.11.0.jar;D:\maven-repo\org\apache\camel\springboot\camel-stub-starter\3.11.0\camel-stub-starter-3.11.0.jar;D:\maven-repo\org\apache\camel\camel-stub\3.11.0\camel-stub-3.11.0.jar;D:\maven-repo\org\apache\camel\springboot\camel-timer-starter\3.11.0\camel-timer-starter-3.11.0.jar;D:\maven-repo\org\apache\camel\camel-timer\3.11.0\camel-timer-3.11.0.jar;D:\maven-repo\org\apache\camel\springboot\camel-validator-starter\3.11.0\camel-validator-starter-3.11.0.jar;D:\maven-repo\org\apache\camel\camel-validator\3.11.0\camel-validator-3.11.0.jar;D:\maven-repo\org\apache\camel\springboot\camel-vm-starter\3.11.0\camel-vm-starter-3.11.0.jar;D:\maven-repo\org\apache\camel\camel-vm\3.11.0\camel-vm-3.11.0.jar;D:\maven-repo\org\apache\camel\springboot\camel-xpath-starter\3.11.0\camel-xpath-starter-3.11.0.jar;D:\maven-repo\org\apache\camel\camel-xpath\3.11.0\camel-xpath-3.11.0.jar;D:\maven-repo\org\apache\camel\springboot\camel-xslt-starter\3.11.0\camel-xslt-starter-3.11.0.jar;D:\maven-repo\org\apache\camel\camel-xslt\3.11.0\camel-xslt-3.11.0.jar;D:\maven-repo\org\apache\camel\springboot\camel-xml-jaxp-starter\3.11.0\camel-xml-jaxp-starter-3.11.0.jar;D:\maven-repo\org\apache\camel\camel-xml-jaxp\3.11.0\camel-xml-jaxp-3.11.0.jar;D:\maven-repo\org\apache\camel\camel-xml-io-util\3.11.0\camel-xml-io-util-3.11.0.jar;D:\maven-repo\org\apache\camel\springboot\camel-stream-starter\3.11.0\camel-stream-starter-3.11.0.jar;D:\maven-repo\org\apache\camel\camel-stream\3.11.0\camel-stream-3.11.0.jar;D:\maven-repo\org\springframework\boot\spring-boot-starter-test\2.5.1\spring-boot-starter-test-2.5.1.jar;D:\maven-repo\org\springframework\boot\spring-boot-test\2.5.1\spring-boot-test-2.5.1.jar;D:\maven-repo\org\springframework\boot\spring-boot-test-autoconfigure\2.5.1\spring-boot-test-autoconfigure-2.5.1.jar;D:\maven-repo\com\jayway\jsonpath\json-path\2.5.0\json-path-2.5.0.jar;D:\maven-repo\net\minidev\json-smart\2.4.7\json-smart-2.4.7.jar;D:\maven-repo\net\minidev\accessors-smart\2.4.7\accessors-smart-2.4.7.jar;D:\maven-repo\org\ow2\asm\asm\9.1\asm-9.1.jar;D:\maven-repo\org\slf4j\slf4j-api\1.7.30\slf4j-api-1.7.30.jar;D:\maven-repo\jakarta\xml\bind\jakarta.xml.bind-api\2.3.3\jakarta.xml.bind-api-2.3.3.jar;D:\maven-repo\jakarta\activation\jakarta.activation-api\1.2.2\jakarta.activation-api-1.2.2.jar;D:\maven-repo\org\assertj\assertj-core\3.19.0\assertj-core-3.19.0.jar;D:\maven-repo\org\hamcrest\hamcrest\2.2\hamcrest-2.2.jar;D:\maven-repo\org\junit\jupiter\junit-jupiter\5.7.2\junit-jupiter-5.7.2.jar;D:\maven-repo\org\junit\jupiter\junit-jupiter-api\5.7.2\junit-jupiter-api-5.7.2.jar;D:\maven-repo\org\apiguardian\apiguardian-api\1.1.0\apiguardian-api-1.1.0.jar;D:\maven-repo\org\opentest4j\opentest4j\1.2.0\opentest4j-1.2.0.jar;D:\maven-repo\org\junit\platform\junit-platform-commons\1.7.2\junit-platform-commons-1.7.2.jar;D:\maven-repo\org\junit\jupiter\junit-jupiter-params\5.7.2\junit-jupiter-params-5.7.2.jar;D:\maven-repo\org\junit\jupiter\junit-jupiter-engine\5.7.2\junit-jupiter-engine-5.7.2.jar;D:\maven-repo\org\junit\platform\junit-platform-engine\1.7.2\junit-platform-engine-1.7.2.jar;D:\maven-repo\org\mockito\mockito-core\3.9.0\mockito-core-3.9.0.jar;D:\maven-repo\net\bytebuddy\byte-buddy\1.10.22\byte-buddy-1.10.22.jar;D:\maven-repo\net\bytebuddy\byte-buddy-agent\1.10.22\byte-buddy-agent-1.10.22.jar;D:\maven-repo\org\objenesis\objenesis\3.2\objenesis-3.2.jar;D:\maven-repo\org\mockito\mockito-junit-jupiter\3.9.0\mockito-junit-jupiter-3.9.0.jar;D:\maven-repo\org\skyscreamer\jsonassert\1.5.0\jsonassert-1.5.0.jar;D:\maven-repo\com\vaadin\external\google\android-json\0.0.20131108.vaadin1\android-json-0.0.20131108.vaadin1.jar;D:\maven-repo\org\springframework\spring-core\5.3.8\spring-core-5.3.8.jar;D:\maven-repo\org\springframework\spring-jcl\5.3.8\spring-jcl-5.3.8.jar;D:\maven-repo\org\springframework\spring-test\5.3.8\spring-test-5.3.8.jar;D:\maven-repo\org\xmlunit\xmlunit-core\2.8.2\xmlunit-core-2.8.2.jar;D:\maven-repo\org\apache\camel\camel-test-spring-junit5\3.11.0\camel-test-spring-junit5-3.11.0.jar;D:\maven-repo\org\apache\camel\camel-test-junit5\3.11.0\camel-test-junit5-3.11.0.jar;D:\maven-repo\org\apache\camel\camel-core-languages\3.11.0\camel-core-languages-3.11.0.jar;D:\maven-repo\org\apache\camel\camel-spring-xml\3.11.0\camel-spring-xml-3.11.0.jar;D:\maven-repo\org\apache\camel\camel-xml-jaxb\3.11.0\camel-xml-jaxb-3.11.0.jar;D:\maven-repo\com\sun\xml\bind\jaxb-core\2.3.0\jaxb-core-2.3.0.jar;D:\maven-repo\com\sun\xml\bind\jaxb-impl\2.3.3\jaxb-impl-2.3.3.jar;D:\maven-repo\com\sun\activation\jakarta.activation\1.2.2\jakarta.activation-1.2.2.jar;D:\maven-repo\org\apache\camel\camel-core-xml\3.11.0\camel-core-xml-3.11.0.jar;D:\maven-repo\org\apache\camel\camel-http\3.11.0\camel-http-3.11.0.jar;D:\maven-repo\org\apache\camel\camel-cloud\3.11.0\camel-cloud-3.11.0.jar;D:\maven-repo\org\apache\camel\camel-core-model\3.11.0\camel-core-model-3.11.0.jar;D:\maven-repo\org\apache\camel\camel-core-processor\3.11.0\camel-core-processor-3.11.0.jar;D:\maven-repo\org\apache\camel\camel-http-common\3.11.0\camel-http-common-3.11.0.jar;D:\maven-repo\org\apache\camel\camel-http-base\3.11.0\camel-http-base-3.11.0.jar;D:\maven-repo\org\apache\camel\camel-attachments\3.11.0\camel-attachments-3.11.0.jar;D:\maven-repo\com\sun\activation\javax.activation\1.2.0\javax.activation-1.2.0.jar;D:\maven-repo\org\apache\camel\camel-file\3.11.0\camel-file-3.11.0.jar;D:\maven-repo\javax\servlet\javax.servlet-api\4.0.1\javax.servlet-api-4.0.1.jar;D:\maven-repo\org\apache\httpcomponents\httpclient\4.5.13\httpclient-4.5.13.jar;D:\maven-repo\org\apache\httpcomponents\httpcore\4.4.14\httpcore-4.4.14.jar;D:\maven-repo\commons-codec\commons-codec\1.15\commons-codec-1.15.jar;D:\maven-repo\org\projectlombok\lombok\1.18.24\lombok-1.18.24.jar;D:\maven-repo\org\apache\camel\camel-jackson\3.11.0\camel-jackson-3.11.0.jar;D:\maven-repo\org\apache\camel\camel-core-engine\3.11.0\camel-core-engine-3.11.0.jar;D:\maven-repo\org\apache\camel\camel-api\3.11.0\camel-api-3.11.0.jar;D:\maven-repo\org\apache\camel\camel-base-engine\3.11.0\camel-base-engine-3.11.0.jar;D:\maven-repo\org\apache\camel\camel-base\3.11.0\camel-base-3.11.0.jar;D:\maven-repo\org\apache\camel\camel-core-reifier\3.11.0\camel-core-reifier-3.11.0.jar;D:\maven-repo\org\apache\camel\camel-management-api\3.11.0\camel-management-api-3.11.0.jar;D:\maven-repo\org\apache\camel\camel-util\3.11.0\camel-util-3.11.0.jar;D:\maven-repo\com\fasterxml\jackson\core\jackson-databind\2.12.3\jackson-databind-2.12.3.jar;D:\maven-repo\com\fasterxml\jackson\core\jackson-annotations\2.12.3\jackson-annotations-2.12.3.jar;D:\maven-repo\com\fasterxml\jackson\core\jackson-core\2.12.3\jackson-core-2.12.3.jar;D:\maven-repo\org\apache\camel\camel-jetty\3.11.0\camel-jetty-3.11.0.jar;D:\maven-repo\org\apache\camel\camel-support\3.11.0\camel-support-3.11.0.jar;D:\maven-repo\org\apache\camel\camel-jetty-common\3.11.0\camel-jetty-common-3.11.0.jar;D:\maven-repo\org\eclipse\jetty\jetty-server\9.4.42.v20210604\jetty-server-9.4.42.v20210604.jar;D:\maven-repo\org\eclipse\jetty\jetty-http\9.4.42.v20210604\jetty-http-9.4.42.v20210604.jar;D:\maven-repo\org\eclipse\jetty\jetty-io\9.4.42.v20210604\jetty-io-9.4.42.v20210604.jar;D:\maven-repo\org\eclipse\jetty\jetty-servlet\9.4.42.v20210604\jetty-servlet-9.4.42.v20210604.jar;D:\maven-repo\org\eclipse\jetty\jetty-util-ajax\9.4.42.v20210604\jetty-util-ajax-9.4.42.v20210604.jar;D:\maven-repo\org\eclipse\jetty\jetty-security\9.4.42.v20210604\jetty-security-9.4.42.v20210604.jar;D:\maven-repo\org\eclipse\jetty\jetty-servlets\9.4.42.v20210604\jetty-servlets-9.4.42.v20210604.jar;D:\maven-repo\org\eclipse\jetty\jetty-continuation\9.4.42.v20210604\jetty-continuation-9.4.42.v20210604.jar;D:\maven-repo\org\eclipse\jetty\jetty-client\9.4.42.v20210604\jetty-client-9.4.42.v20210604.jar;D:\maven-repo\org\eclipse\jetty\jetty-jmx\9.4.42.v20210604\jetty-jmx-9.4.42.v20210604.jar;D:\maven-repo\org\eclipse\jetty\jetty-util\9.4.42.v20210604\jetty-util-9.4.42.v20210604.jar;"/>
    <property name="java.vm.vendor" value="Oracle Corporation"/>
    <property name="sun.arch.data.model" value="64"/>
    <property name="user.variant" value=""/>
    <property name="java.vendor.url" value="http://java.oracle.com/"/>
    <property name="user.timezone" value="America/Buenos_Aires"/>
    <property name="java.vm.specification.version" value="1.8"/>
    <property name="os.name" value="Windows 10"/>
    <property name="sun.java.launcher" value="SUN_STANDARD"/>
    <property name="user.country" value="ES"/>
    <property name="sun.boot.library.path" value="C:\Program Files\Java\jdk1.8.0_281\jre\bin"/>
    <property name="sun.java.command" value="C:\Users\alexi\AppData\Local\Temp\surefire3014552338623166424\surefirebooter4284509797287199816.jar C:\Users\alexi\AppData\Local\Temp\surefire3014552338623166424 2022-08-10T09-35-01_825-jvmRun1 surefire467574280907045874tmp surefire_0730104155726049635tmp"/>
    <property name="surefire.test.class.path" value="C:\Users\alexi\Desktop\Assert\Taller\CamelCapacitacionVideos\secondCamel\camel2\target\test-classes;C:\Users\alexi\Desktop\Assert\Taller\CamelCapacitacionVideos\secondCamel\camel2\target\classes;D:\maven-repo\org\springframework\boot\spring-boot-starter-web\2.5.1\spring-boot-starter-web-2.5.1.jar;D:\maven-repo\org\springframework\boot\spring-boot-starter\2.5.1\spring-boot-starter-2.5.1.jar;D:\maven-repo\org\springframework\boot\spring-boot\2.5.1\spring-boot-2.5.1.jar;D:\maven-repo\org\springframework\boot\spring-boot-autoconfigure\2.5.1\spring-boot-autoconfigure-2.5.1.jar;D:\maven-repo\org\springframework\boot\spring-boot-starter-logging\2.5.1\spring-boot-starter-logging-2.5.1.jar;D:\maven-repo\ch\qos\logback\logback-classic\1.2.3\logback-classic-1.2.3.jar;D:\maven-repo\ch\qos\logback\logback-core\1.2.3\logback-core-1.2.3.jar;D:\maven-repo\org\apache\logging\log4j\log4j-to-slf4j\2.14.1\log4j-to-slf4j-2.14.1.jar;D:\maven-repo\org\apache\logging\log4j\log4j-api\2.14.1\log4j-api-2.14.1.jar;D:\maven-repo\org\slf4j\jul-to-slf4j\1.7.30\jul-to-slf4j-1.7.30.jar;D:\maven-repo\jakarta\annotation\jakarta.annotation-api\1.3.5\jakarta.annotation-api-1.3.5.jar;D:\maven-repo\org\yaml\snakeyaml\1.28\snakeyaml-1.28.jar;D:\maven-repo\org\springframework\boot\spring-boot-starter-json\2.5.1\spring-boot-starter-json-2.5.1.jar;D:\maven-repo\com\fasterxml\jackson\datatype\jackson-datatype-jdk8\2.12.3\jackson-datatype-jdk8-2.12.3.jar;D:\maven-repo\com\fasterxml\jackson\datatype\jackson-datatype-jsr310\2.12.3\jackson-datatype-jsr310-2.12.3.jar;D:\maven-repo\com\fasterxml\jackson\module\jackson-module-parameter-names\2.12.3\jackson-module-parameter-names-2.12.3.jar;D:\maven-repo\org\springframework\spring-web\5.3.8\spring-web-5.3.8.jar;D:\maven-repo\org\springframework\spring-beans\5.3.8\spring-beans-5.3.8.jar;D:\maven-repo\org\springframework\spring-webmvc\5.3.8\spring-webmvc-5.3.8.jar;D:\maven-repo\org\springframework\spring-aop\5.3.8\spring-aop-5.3.8.jar;D:\maven-repo\org\springframework\spring-context\5.3.8\spring-context-5.3.8.jar;D:\maven-repo\org\springframework\spring-expression\5.3.8\spring-expression-5.3.8.jar;D:\maven-repo\org\springframework\boot\spring-boot-starter-undertow\2.5.1\spring-boot-starter-undertow-2.5.1.jar;D:\maven-repo\io\undertow\undertow-core\2.2.8.Final\undertow-core-2.2.8.Final.jar;D:\maven-repo\org\jboss\logging\jboss-logging\3.4.2.Final\jboss-logging-3.4.2.Final.jar;D:\maven-repo\org\jboss\xnio\xnio-api\3.8.0.Final\xnio-api-3.8.0.Final.jar;D:\maven-repo\org\wildfly\common\wildfly-common\1.5.2.Final\wildfly-common-1.5.2.Final.jar;D:\maven-repo\org\wildfly\client\wildfly-client-config\1.0.1.Final\wildfly-client-config-1.0.1.Final.jar;D:\maven-repo\org\jboss\xnio\xnio-nio\3.8.0.Final\xnio-nio-3.8.0.Final.jar;D:\maven-repo\org\jboss\threads\jboss-threads\3.1.0.Final\jboss-threads-3.1.0.Final.jar;D:\maven-repo\io\undertow\undertow-servlet\2.2.8.Final\undertow-servlet-2.2.8.Final.jar;D:\maven-repo\org\jboss\spec\javax\annotation\jboss-annotations-api_1.3_spec\2.0.1.Final\jboss-annotations-api_1.3_spec-2.0.1.Final.jar;D:\maven-repo\io\undertow\undertow-websockets-jsr\2.2.8.Final\undertow-websockets-jsr-2.2.8.Final.jar;D:\maven-repo\org\jboss\spec\javax\websocket\jboss-websocket-api_1.1_spec\2.0.0.Final\jboss-websocket-api_1.1_spec-2.0.0.Final.jar;D:\maven-repo\jakarta\servlet\jakarta.servlet-api\4.0.4\jakarta.servlet-api-4.0.4.jar;D:\maven-repo\org\apache\tomcat\embed\tomcat-embed-el\9.0.46\tomcat-embed-el-9.0.46.jar;D:\maven-repo\org\springframework\boot\spring-boot-starter-actuator\2.5.1\spring-boot-starter-actuator-2.5.1.jar;D:\maven-repo\org\springframework\boot\spring-boot-actuator-autoconfigure\2.5.1\spring-boot-actuator-autoconfigure-2.5.1.jar;D:\maven-repo\org\springframework\boot\spring-boot-actuator\2.5.1\spring-boot-actuator-2.5.1.jar;D:\maven-repo\io\micrometer\micrometer-core\1.7.0\micrometer-core-1.7.0.jar;D:\maven-repo\org\hdrhistogram\HdrHistogram\2.1.12\HdrHistogram-2.1.12.jar;D:\maven-repo\org\latencyutils\LatencyUtils\2.0.3\LatencyUtils-2.0.3.jar;D:\maven-repo\org\apache\camel\springboot\camel-spring-boot-starter\3.11.0\camel-spring-boot-starter-3.11.0.jar;D:\maven-repo\org\apache\camel\springboot\camel-spring-boot\3.11.0\camel-spring-boot-3.11.0.jar;D:\maven-repo\org\apache\camel\camel-spring\3.11.0\camel-spring-3.11.0.jar;D:\maven-repo\org\springframework\spring-tx\5.3.8\spring-tx-5.3.8.jar;D:\maven-repo\org\apache\camel\camel-spring-main\3.11.0\camel-spring-main-3.11.0.jar;D:\maven-repo\org\apache\camel\camel-main\3.11.0\camel-main-3.11.0.jar;D:\maven-repo\org\apache\camel\camel-xml-jaxb-dsl\3.11.0\camel-xml-jaxb-dsl-3.11.0.jar;D:\maven-repo\org\apache\camel\camel-dsl-support\3.11.0\camel-dsl-support-3.11.0.jar;D:\maven-repo\org\apache\camel\camel-endpointdsl\3.11.0\camel-endpointdsl-3.11.0.jar;D:\maven-repo\org\apache\camel\camel-cluster\3.11.0\camel-cluster-3.11.0.jar;D:\maven-repo\org\apache\camel\camel-health\3.11.0\camel-health-3.11.0.jar;D:\maven-repo\org\apache\camel\springboot\camel-core-starter\3.11.0\camel-core-starter-3.11.0.jar;D:\maven-repo\org\apache\camel\springboot\camel-bean-starter\3.11.0\camel-bean-starter-3.11.0.jar;D:\maven-repo\org\apache\camel\camel-bean\3.11.0\camel-bean-3.11.0.jar;D:\maven-repo\org\apache\camel\springboot\camel-browse-starter\3.11.0\camel-browse-starter-3.11.0.jar;D:\maven-repo\org\apache\camel\camel-browse\3.11.0\camel-browse-3.11.0.jar;D:\maven-repo\org\apache\camel\springboot\camel-controlbus-starter\3.11.0\camel-controlbus-starter-3.11.0.jar;D:\maven-repo\org\apache\camel\camel-controlbus\3.11.0\camel-controlbus-3.11.0.jar;D:\maven-repo\org\apache\camel\springboot\camel-dataformat-starter\3.11.0\camel-dataformat-starter-3.11.0.jar;D:\maven-repo\org\apache\camel\camel-dataformat\3.11.0\camel-dataformat-3.11.0.jar;D:\maven-repo\org\apache\camel\springboot\camel-dataset-starter\3.11.0\camel-dataset-starter-3.11.0.jar;D:\maven-repo\org\apache\camel\camel-dataset\3.11.0\camel-dataset-3.11.0.jar;D:\maven-repo\org\apache\camel\springboot\camel-direct-starter\3.11.0\camel-direct-starter-3.11.0.jar;D:\maven-repo\org\apache\camel\camel-direct\3.11.0\camel-direct-3.11.0.jar;D:\maven-repo\org\apache\camel\springboot\camel-directvm-starter\3.11.0\camel-directvm-starter-3.11.0.jar;D:\maven-repo\org\apache\camel\camel-directvm\3.11.0\camel-directvm-3.11.0.jar;D:\maven-repo\org\apache\camel\springboot\camel-file-starter\3.11.0\camel-file-starter-3.11.0.jar;D:\maven-repo\org\apache\camel\springboot\camel-language-starter\3.11.0\camel-language-starter-3.11.0.jar;D:\maven-repo\org\apache\camel\camel-language\3.11.0\camel-language-3.11.0.jar;D:\maven-repo\org\apache\camel\springboot\camel-log-starter\3.11.0\camel-log-starter-3.11.0.jar;D:\maven-repo\org\apache\camel\camel-log\3.11.0\camel-log-3.11.0.jar;D:\maven-repo\org\apache\camel\springboot\camel-mock-starter\3.11.0\camel-mock-starter-3.11.0.jar;D:\maven-repo\org\apache\camel\camel-mock\3.11.0\camel-mock-3.11.0.jar;D:\maven-repo\org\apache\camel\springboot\camel-ref-starter\3.11.0\camel-ref-starter-3.11.0.jar;D:\maven-repo\org\apache\camel\camel-ref\3.11.0\camel-ref-3.11.0.jar;D:\maven-repo\org\apache\camel\springboot\camel-rest-starter\3.11.0\camel-rest-starter-3.11.0.jar;D:\maven-repo\org\apache\camel\camel-rest\3.11.0\camel-rest-3.11.0.jar;D:\maven-repo\org\apache\camel\camel-tooling-model\3.11.0\camel-tooling-model-3.11.0.jar;D:\maven-repo\org\apache\camel\camel-util-json\3.11.0\camel-util-json-3.11.0.jar;D:\maven-repo\org\apache\camel\springboot\camel-saga-starter\3.11.0\camel-saga-starter-3.11.0.jar;D:\maven-repo\org\apache\camel\camel-saga\3.11.0\camel-saga-3.11.0.jar;D:\maven-repo\org\apache\camel\springboot\camel-scheduler-starter\3.11.0\camel-scheduler-starter-3.11.0.jar;D:\maven-repo\org\apache\camel\camel-scheduler\3.11.0\camel-scheduler-3.11.0.jar;D:\maven-repo\org\apache\camel\springboot\camel-seda-starter\3.11.0\camel-seda-starter-3.11.0.jar;D:\maven-repo\org\apache\camel\camel-seda\3.11.0\camel-seda-3.11.0.jar;D:\maven-repo\org\apache\camel\springboot\camel-stub-starter\3.11.0\camel-stub-starter-3.11.0.jar;D:\maven-repo\org\apache\camel\camel-stub\3.11.0\camel-stub-3.11.0.jar;D:\maven-repo\org\apache\camel\springboot\camel-timer-starter\3.11.0\camel-timer-starter-3.11.0.jar;D:\maven-repo\org\apache\camel\camel-timer\3.11.0\camel-timer-3.11.0.jar;D:\maven-repo\org\apache\camel\springboot\camel-validator-starter\3.11.0\camel-validator-starter-3.11.0.jar;D:\maven-repo\org\apache\camel\camel-validator\3.11.0\camel-validator-3.11.0.jar;D:\maven-repo\org\apache\camel\springboot\camel-vm-starter\3.11.0\camel-vm-starter-3.11.0.jar;D:\maven-repo\org\apache\camel\camel-vm\3.11.0\camel-vm-3.11.0.jar;D:\maven-repo\org\apache\camel\springboot\camel-xpath-starter\3.11.0\camel-xpath-starter-3.11.0.jar;D:\maven-repo\org\apache\camel\camel-xpath\3.11.0\camel-xpath-3.11.0.jar;D:\maven-repo\org\apache\camel\springboot\camel-xslt-starter\3.11.0\camel-xslt-starter-3.11.0.jar;D:\maven-repo\org\apache\camel\camel-xslt\3.11.0\camel-xslt-3.11.0.jar;D:\maven-repo\org\apache\camel\springboot\camel-xml-jaxp-starter\3.11.0\camel-xml-jaxp-starter-3.11.0.jar;D:\maven-repo\org\apache\camel\camel-xml-jaxp\3.11.0\camel-xml-jaxp-3.11.0.jar;D:\maven-repo\org\apache\camel\camel-xml-io-util\3.11.0\camel-xml-io-util-3.11.0.jar;D:\maven-repo\org\apache\camel\springboot\camel-stream-starter\3.11.0\camel-stream-starter-3.11.0.jar;D:\maven-repo\org\apache\camel\camel-stream\3.11.0\camel-stream-3.11.0.jar;D:\maven-repo\org\springframework\boot\spring-boot-starter-test\2.5.1\spring-boot-starter-test-2.5.1.jar;D:\maven-repo\org\springframework\boot\spring-boot-test\2.5.1\spring-boot-test-2.5.1.jar;D:\maven-repo\org\springframework\boot\spring-boot-test-autoconfigure\2.5.1\spring-boot-test-autoconfigure-2.5.1.jar;D:\maven-repo\com\jayway\jsonpath\json-path\2.5.0\json-path-2.5.0.jar;D:\maven-repo\net\minidev\json-smart\2.4.7\json-smart-2.4.7.jar;D:\maven-repo\net\minidev\accessors-smart\2.4.7\accessors-smart-2.4.7.jar;D:\maven-repo\org\ow2\asm\asm\9.1\asm-9.1.jar;D:\maven-repo\org\slf4j\slf4j-api\1.7.30\slf4j-api-1.7.30.jar;D:\maven-repo\jakarta\xml\bind\jakarta.xml.bind-api\2.3.3\jakarta.xml.bind-api-2.3.3.jar;D:\maven-repo\jakarta\activation\jakarta.activation-api\1.2.2\jakarta.activation-api-1.2.2.jar;D:\maven-repo\org\assertj\assertj-core\3.19.0\assertj-core-3.19.0.jar;D:\maven-repo\org\hamcrest\hamcrest\2.2\hamcrest-2.2.jar;D:\maven-repo\org\junit\jupiter\junit-jupiter\5.7.2\junit-jupiter-5.7.2.jar;D:\maven-repo\org\junit\jupiter\junit-jupiter-api\5.7.2\junit-jupiter-api-5.7.2.jar;D:\maven-repo\org\apiguardian\apiguardian-api\1.1.0\apiguardian-api-1.1.0.jar;D:\maven-repo\org\opentest4j\opentest4j\1.2.0\opentest4j-1.2.0.jar;D:\maven-repo\org\junit\platform\junit-platform-commons\1.7.2\junit-platform-commons-1.7.2.jar;D:\maven-repo\org\junit\jupiter\junit-jupiter-params\5.7.2\junit-jupiter-params-5.7.2.jar;D:\maven-repo\org\junit\jupiter\junit-jupiter-engine\5.7.2\junit-jupiter-engine-5.7.2.jar;D:\maven-repo\org\junit\platform\junit-platform-engine\1.7.2\junit-platform-engine-1.7.2.jar;D:\maven-repo\org\mockito\mockito-core\3.9.0\mockito-core-3.9.0.jar;D:\maven-repo\net\bytebuddy\byte-buddy\1.10.22\byte-buddy-1.10.22.jar;D:\maven-repo\net\bytebuddy\byte-buddy-agent\1.10.22\byte-buddy-agent-1.10.22.jar;D:\maven-repo\org\objenesis\objenesis\3.2\objenesis-3.2.jar;D:\maven-repo\org\mockito\mockito-junit-jupiter\3.9.0\mockito-junit-jupiter-3.9.0.jar;D:\maven-repo\org\skyscreamer\jsonassert\1.5.0\jsonassert-1.5.0.jar;D:\maven-repo\com\vaadin\external\google\android-json\0.0.20131108.vaadin1\android-json-0.0.20131108.vaadin1.jar;D:\maven-repo\org\springframework\spring-core\5.3.8\spring-core-5.3.8.jar;D:\maven-repo\org\springframework\spring-jcl\5.3.8\spring-jcl-5.3.8.jar;D:\maven-repo\org\springframework\spring-test\5.3.8\spring-test-5.3.8.jar;D:\maven-repo\org\xmlunit\xmlunit-core\2.8.2\xmlunit-core-2.8.2.jar;D:\maven-repo\org\apache\camel\camel-test-spring-junit5\3.11.0\camel-test-spring-junit5-3.11.0.jar;D:\maven-repo\org\apache\camel\camel-test-junit5\3.11.0\camel-test-junit5-3.11.0.jar;D:\maven-repo\org\apache\camel\camel-core-languages\3.11.0\camel-core-languages-3.11.0.jar;D:\maven-repo\org\apache\camel\camel-spring-xml\3.11.0\camel-spring-xml-3.11.0.jar;D:\maven-repo\org\apache\camel\camel-xml-jaxb\3.11.0\camel-xml-jaxb-3.11.0.jar;D:\maven-repo\com\sun\xml\bind\jaxb-core\2.3.0\jaxb-core-2.3.0.jar;D:\maven-repo\com\sun\xml\bind\jaxb-impl\2.3.3\jaxb-impl-2.3.3.jar;D:\maven-repo\com\sun\activation\jakarta.activation\1.2.2\jakarta.activation-1.2.2.jar;D:\maven-repo\org\apache\camel\camel-core-xml\3.11.0\camel-core-xml-3.11.0.jar;D:\maven-repo\org\apache\camel\camel-http\3.11.0\camel-http-3.11.0.jar;D:\maven-repo\org\apache\camel\camel-cloud\3.11.0\camel-cloud-3.11.0.jar;D:\maven-repo\org\apache\camel\camel-core-model\3.11.0\camel-core-model-3.11.0.jar;D:\maven-repo\org\apache\camel\camel-core-processor\3.11.0\camel-core-processor-3.11.0.jar;D:\maven-repo\org\apache\camel\camel-http-common\3.11.0\camel-http-common-3.11.0.jar;D:\maven-repo\org\apache\camel\camel-http-base\3.11.0\camel-http-base-3.11.0.jar;D:\maven-repo\org\apache\camel\camel-attachments\3.11.0\camel-attachments-3.11.0.jar;D:\maven-repo\com\sun\activation\javax.activation\1.2.0\javax.activation-1.2.0.jar;D:\maven-repo\org\apache\camel\camel-file\3.11.0\camel-file-3.11.0.jar;D:\maven-repo\javax\servlet\javax.servlet-api\4.0.1\javax.servlet-api-4.0.1.jar;D:\maven-repo\org\apache\httpcomponents\httpclient\4.5.13\httpclient-4.5.13.jar;D:\maven-repo\org\apache\httpcomponents\httpcore\4.4.14\httpcore-4.4.14.jar;D:\maven-repo\commons-codec\commons-codec\1.15\commons-codec-1.15.jar;D:\maven-repo\org\projectlombok\lombok\1.18.24\lombok-1.18.24.jar;D:\maven-repo\org\apache\camel\camel-jackson\3.11.0\camel-jackson-3.11.0.jar;D:\maven-repo\org\apache\camel\camel-core-engine\3.11.0\camel-core-engine-3.11.0.jar;D:\maven-repo\org\apache\camel\camel-api\3.11.0\camel-api-3.11.0.jar;D:\maven-repo\org\apache\camel\camel-base-engine\3.11.0\camel-base-engine-3.11.0.jar;D:\maven-repo\org\apache\camel\camel-base\3.11.0\camel-base-3.11.0.jar;D:\maven-repo\org\apache\camel\camel-core-reifier\3.11.0\camel-core-reifier-3.11.0.jar;D:\maven-repo\org\apache\camel\camel-management-api\3.11.0\camel-management-api-3.11.0.jar;D:\maven-repo\org\apache\camel\camel-util\3.11.0\camel-util-3.11.0.jar;D:\maven-repo\com\fasterxml\jackson\core\jackson-databind\2.12.3\jackson-databind-2.12.3.jar;D:\maven-repo\com\fasterxml\jackson\core\jackson-annotations\2.12.3\jackson-annotations-2.12.3.jar;D:\maven-repo\com\fasterxml\jackson\core\jackson-core\2.12.3\jackson-core-2.12.3.jar;D:\maven-repo\org\apache\camel\camel-jetty\3.11.0\camel-jetty-3.11.0.jar;D:\maven-repo\org\apache\camel\camel-support\3.11.0\camel-support-3.11.0.jar;D:\maven-repo\org\apache\camel\camel-jetty-common\3.11.0\camel-jetty-common-3.11.0.jar;D:\maven-repo\org\eclipse\jetty\jetty-server\9.4.42.v20210604\jetty-server-9.4.42.v20210604.jar;D:\maven-repo\org\eclipse\jetty\jetty-http\9.4.42.v20210604\jetty-http-9.4.42.v20210604.jar;D:\maven-repo\org\eclipse\jetty\jetty-io\9.4.42.v20210604\jetty-io-9.4.42.v20210604.jar;D:\maven-repo\org\eclipse\jetty\jetty-servlet\9.4.42.v20210604\jetty-servlet-9.4.42.v20210604.jar;D:\maven-repo\org\eclipse\jetty\jetty-util-ajax\9.4.42.v20210604\jetty-util-ajax-9.4.42.v20210604.jar;D:\maven-repo\org\eclipse\jetty\jetty-security\9.4.42.v20210604\jetty-security-9.4.42.v20210604.jar;D:\maven-repo\org\eclipse\jetty\jetty-servlets\9.4.42.v20210604\jetty-servlets-9.4.42.v20210604.jar;D:\maven-repo\org\eclipse\jetty\jetty-continuation\9.4.42.v20210604\jetty-continuation-9.4.42.v20210604.jar;D:\maven-repo\org\eclipse\jetty\jetty-client\9.4.42.v20210604\jetty-client-9.4.42.v20210604.jar;D:\maven-repo\org\eclipse\jetty\jetty-jmx\9.4.42.v20210604\jetty-jmx-9.4.42.v20210604.jar;D:\maven-repo\org\eclipse\jetty\jetty-util\9.4.42.v20210604\jetty-util-9.4.42.v20210604.jar;"/>
    <property name="sun.cpu.endian" value="little"/>
    <property name="user.home" value="C:\Users\alexi"/>
    <property name="user.language" value="es"/>
    <property name="java.specification.vendor" value="Oracle Corporation"/>
    <property name="java.home" value="C:\Program Files\Java\jdk1.8.0_281\jre"/>
    <property name="basedir" value="C:\Users\alexi\Desktop\Assert\Taller\CamelCapacitacionVideos\secondCamel\camel2"/>
    <property name="file.separator" value="\"/>
    <property name="line.separator" value="&#10;"/>
    <property name="java.vm.specification.vendor" value="Oracle Corporation"/>
    <property name="java.specification.name" value="Java Platform API Specification"/>
    <property name="FILE_LOG_CHARSET" value="windows-1252"/>
    <property name="java.awt.graphicsenv" value="sun.awt.Win32GraphicsEnvironment"/>
    <property name="java.awt.headless" value="true"/>
    <property name="surefire.real.class.path" value="C:\Users\alexi\AppData\Local\Temp\surefire3014552338623166424\surefirebooter4284509797287199816.jar"/>
    <property name="sun.boot.class.path" value="C:\Program Files\Java\jdk1.8.0_281\jre\lib\resources.jar;C:\Program Files\Java\jdk1.8.0_281\jre\lib\rt.jar;C:\Program Files\Java\jdk1.8.0_281\jre\lib\sunrsasign.jar;C:\Program Files\Java\jdk1.8.0_281\jre\lib\jsse.jar;C:\Program Files\Java\jdk1.8.0_281\jre\lib\jce.jar;C:\Program Files\Java\jdk1.8.0_281\jre\lib\charsets.jar;C:\Program Files\Java\jdk1.8.0_281\jre\lib\jfr.jar;C:\Program Files\Java\jdk1.8.0_281\jre\classes"/>
    <property name="user.script" value=""/>
    <property name="sun.management.compiler" value="HotSpot 64-Bit Tiered Compilers"/>
    <property name="java.runtime.version" value="1.8.0_281-b09"/>
    <property name="user.name" value="alexi"/>
    <property name="path.separator" value=";"/>
    <property name="os.version" value="10.0"/>
    <property name="java.endorsed.dirs" value="C:\Program Files\Java\jdk1.8.0_281\jre\lib\endorsed"/>
    <property name="java.runtime.name" value="Java(TM) SE Runtime Environment"/>
    <property name="file.encoding" value="Cp1252"/>
    <property name="spring.beaninfo.ignore" value="true"/>
    <property name="java.vm.name" value="Java HotSpot(TM) 64-Bit Server VM"/>
    <property name="maven.ext.class.path" value="C:\Program Files\NetBeans-14\netbeans\java\maven-nblib\netbeans-eventspy.jar"/>
    <property name="localRepository" value="D:\maven-repo"/>
    <property name="java.vendor.url.bug" value="http://bugreport.sun.com/bugreport/"/>
    <property name="java.io.tmpdir" value="C:\Users\alexi\AppData\Local\Temp\"/>
    <property name="java.version" value="1.8.0_281"/>
    <property name="user.dir" value="C:\Users\alexi\Desktop\Assert\Taller\CamelCapacitacionVideos\secondCamel\camel2"/>
    <property name="os.arch" value="amd64"/>
    <property name="java.vm.specification.name" value="Java Virtual Machine Specification"/>
    <property name="PID" value="14260"/>
    <property name="java.awt.printerjob" value="sun.awt.windows.WPrinterJob"/>
    <property name="sun.os.patch.level" value=""/>
    <property name="CONSOLE_LOG_CHARSET" value="windows-1252"/>
    <property name="java.library.path" value="C:\Program Files\Java\jdk1.8.0_281\jre\bin;C:\WINDOWS\Sun\Java\bin;C:\WINDOWS\system32;C:\WINDOWS;C:\Program Files (x86)\NVIDIA Corporation\PhysX\Common;C:\Program Files\Common Files\Oracle\Java\javapath;C:\Program Files (x86)\Common Files\Oracle\Java\javapath;C:\WINDOWS\system32;C:\WINDOWS;C:\WINDOWS\System32\Wbem;C:\WINDOWS\System32\WindowsPowerShell\v1.0\;C:\WINDOWS\System32\OpenSSH\;C:\oc;C:\Program Files\Java\apache-maven-3.8.1;C:\Program Files\Java\apache-maven-3.8.1\bin;C:\Program Files\Java\jdk1.8.0_281\bin;C:\Program Files\Git\cmd;C:\s2i;C:\helm;C:\Users\alexi\AppData\Local\Microsoft\WindowsApps;;."/>
    <property name="java.vm.info" value="mixed mode"/>
    <property name="java.vendor" value="Oracle Corporation"/>
    <property name="java.vm.version" value="25.281-b09"/>
    <property name="java.ext.dirs" value="C:\Program Files\Java\jdk1.8.0_281\jre\lib\ext;C:\WINDOWS\Sun\Java\lib\ext"/>
    <property name="sun.io.unicode.encoding" value="UnicodeLittle"/>
    <property name="java.class.version" value="52.0"/>
  </properties>
  <testcase name="test" classname="org.secondcamel.MySpringBootApplicationTest" time="1.058">
    <error type="org.apache.camel.FailedToStartRouteException"><![CDATA[org.apache.camel.FailedToStartRouteException: Failed to start route route2 because of Multiple consumers for the same endpoint is not allowed: direct://processGetUser
]]></error>
    <system-out><![CDATA[09:35:11.091 [main] DEBUG org.springframework.test.context.BootstrapUtils - Instantiating CacheAwareContextLoaderDelegate from class [org.springframework.test.context.cache.DefaultCacheAwareContextLoaderDelegate]
09:35:11.101 [main] DEBUG org.springframework.test.context.BootstrapUtils - Instantiating BootstrapContext using constructor [public org.springframework.test.context.support.DefaultBootstrapContext(java.lang.Class,org.springframework.test.context.CacheAwareContextLoaderDelegate)]
09:35:11.135 [main] DEBUG org.springframework.test.context.BootstrapUtils - Instantiating TestContextBootstrapper for test class [org.secondcamel.MySpringBootApplicationTest] from class [org.springframework.boot.test.context.SpringBootTestContextBootstrapper]
09:35:11.145 [main] INFO org.springframework.boot.test.context.SpringBootTestContextBootstrapper - Neither @ContextConfiguration nor @ContextHierarchy found for test class [org.secondcamel.MySpringBootApplicationTest], using SpringBootContextLoader
09:35:11.149 [main] DEBUG org.springframework.test.context.support.AbstractContextLoader - Did not detect default resource location for test class [org.secondcamel.MySpringBootApplicationTest]: class path resource [org/secondcamel/MySpringBootApplicationTest-context.xml] does not exist
09:35:11.149 [main] DEBUG org.springframework.test.context.support.AbstractContextLoader - Did not detect default resource location for test class [org.secondcamel.MySpringBootApplicationTest]: class path resource [org/secondcamel/MySpringBootApplicationTestContext.groovy] does not exist
09:35:11.149 [main] INFO org.springframework.test.context.support.AbstractContextLoader - Could not detect default resource locations for test class [org.secondcamel.MySpringBootApplicationTest]: no resource found for suffixes {-context.xml, Context.groovy}.
09:35:11.150 [main] INFO org.springframework.test.context.support.AnnotationConfigContextLoaderUtils - Could not detect default configuration classes for test class [org.secondcamel.MySpringBootApplicationTest]: MySpringBootApplicationTest does not declare any static, non-private, non-final, nested classes annotated with @Configuration.
09:35:11.189 [main] DEBUG org.springframework.test.context.support.ActiveProfilesUtils - Could not find an 'annotation declaring class' for annotation type [org.springframework.test.context.ActiveProfiles] and class [org.secondcamel.MySpringBootApplicationTest]
09:35:11.245 [main] DEBUG org.springframework.context.annotation.ClassPathScanningCandidateComponentProvider - Identified candidate component class: file [C:\Users\alexi\Desktop\Assert\Taller\CamelCapacitacionVideos\secondCamel\camel2\target\classes\org\secondcamel\MySpringBootApplication.class]
09:35:11.247 [main] INFO org.springframework.boot.test.context.SpringBootTestContextBootstrapper - Found @SpringBootConfiguration org.secondcamel.MySpringBootApplication for test class org.secondcamel.MySpringBootApplicationTest
09:35:11.319 [main] DEBUG org.springframework.boot.test.context.SpringBootTestContextBootstrapper - Merging default listeners with listeners configured via @TestExecutionListeners for class [org.secondcamel.MySpringBootApplicationTest].
09:35:11.320 [main] INFO org.springframework.boot.test.context.SpringBootTestContextBootstrapper - Loaded default TestExecutionListener class names from location [META-INF/spring.factories]: [org.springframework.boot.test.mock.mockito.MockitoTestExecutionListener, org.springframework.boot.test.mock.mockito.ResetMocksTestExecutionListener, org.springframework.boot.test.autoconfigure.restdocs.RestDocsTestExecutionListener, org.springframework.boot.test.autoconfigure.web.client.MockRestServiceServerResetTestExecutionListener, org.springframework.boot.test.autoconfigure.web.servlet.MockMvcPrintOnlyOnFailureTestExecutionListener, org.springframework.boot.test.autoconfigure.web.servlet.WebDriverTestExecutionListener, org.springframework.boot.test.autoconfigure.webservices.client.MockWebServiceServerTestExecutionListener, org.springframework.test.context.web.ServletTestExecutionListener, org.springframework.test.context.support.DirtiesContextBeforeModesTestExecutionListener, org.springframework.test.context.event.ApplicationEventsTestExecutionListener, org.springframework.test.context.support.DependencyInjectionTestExecutionListener, org.springframework.test.context.support.DirtiesContextTestExecutionListener, org.springframework.test.context.transaction.TransactionalTestExecutionListener, org.springframework.test.context.jdbc.SqlScriptsTestExecutionListener, org.springframework.test.context.event.EventPublishingTestExecutionListener]
09:35:11.333 [main] INFO org.springframework.boot.test.context.SpringBootTestContextBootstrapper - Using TestExecutionListeners: [org.apache.camel.test.spring.junit5.CamelSpringTestContextLoaderTestExecutionListener@4b86805d, org.apache.camel.test.spring.junit5.CamelSpringBootExecutionListener@5852c06f, org.apache.camel.test.spring.junit5.StopWatchTestExecutionListener@4149c063, org.springframework.test.context.web.ServletTestExecutionListener@9cb8225, org.springframework.test.context.support.DirtiesContextBeforeModesTestExecutionListener@76b07f29, org.springframework.test.context.event.ApplicationEventsTestExecutionListener@38af9828, org.springframework.boot.test.mock.mockito.MockitoTestExecutionListener@376a0d86, org.springframework.boot.test.autoconfigure.SpringBootDependencyInjectionTestExecutionListener@62656be4, org.springframework.test.context.support.DirtiesContextTestExecutionListener@17d919b6, org.springframework.test.context.transaction.TransactionalTestExecutionListener@53f3bdbd, org.springframework.test.context.jdbc.SqlScriptsTestExecutionListener@34129c78, org.springframework.test.context.event.EventPublishingTestExecutionListener@7d61eb55, org.springframework.boot.test.mock.mockito.ResetMocksTestExecutionListener@222a59e6, org.springframework.boot.test.autoconfigure.restdocs.RestDocsTestExecutionListener@6c7a164b, org.springframework.boot.test.autoconfigure.web.client.MockRestServiceServerResetTestExecutionListener@4c2bb6e0, org.springframework.boot.test.autoconfigure.web.servlet.MockMvcPrintOnlyOnFailureTestExecutionListener@3e62d773, org.springframework.boot.test.autoconfigure.web.servlet.WebDriverTestExecutionListener@4ef74c30, org.springframework.boot.test.autoconfigure.webservices.client.MockWebServiceServerTestExecutionListener@7283d3eb]
09:35:11.366 [main] DEBUG org.springframework.test.context.support.AbstractDirtiesContextTestExecutionListener - Before test class: context [DefaultTestContext@3b79fd76 testClass = MySpringBootApplicationTest, testInstance = [null], testMethod = [null], testException = [null], mergedContextConfiguration = [WebMergedContextConfiguration@48c76607 testClass = MySpringBootApplicationTest, locations = '{}', classes = '{class org.secondcamel.MySpringBootApplication}', contextInitializerClasses = '[]', activeProfiles = '{}', propertySourceLocations = '{}', propertySourceProperties = '{org.springframework.boot.test.context.SpringBootTestContextBootstrapper=true}', contextCustomizers = set[org.springframework.boot.test.context.filter.ExcludeFilterContextCustomizer@158a8276, org.springframework.boot.test.json.DuplicateJsonObjectContextCustomizerFactory$DuplicateJsonObjectContextCustomizer@5fbe4146, org.springframework.boot.test.mock.mockito.MockitoContextCustomizer@0, org.springframework.boot.test.web.client.TestRestTemplateContextCustomizer@445b295b, org.springframework.boot.test.autoconfigure.actuate.metrics.MetricsExportContextCustomizerFactory$DisableMetricExportContextCustomizer@c86b9e3, org.springframework.boot.test.autoconfigure.properties.PropertyMappingContextCustomizer@0, org.springframework.boot.test.autoconfigure.web.servlet.WebDriverContextCustomizerFactory$Customizer@7a675056, org.springframework.boot.test.context.SpringBootTestArgs@1, org.springframework.boot.test.context.SpringBootTestWebEnvironment@53f65459], resourceBasePath = 'src/main/webapp', contextLoader = 'org.springframework.boot.test.context.SpringBootContextLoader', parent = [null]], attributes = map['org.springframework.test.context.web.ServletTestExecutionListener.activateListener' -> true]], class annotated with @DirtiesContext [false] with mode [null].
09:35:11.373 [main] INFO org.apache.camel.test.spring.junit5.CamelSpringBootExecutionListener - CamelSpringBootExecutionListener preparing: class org.secondcamel.MySpringBootApplicationTest
09:35:11.376 [main] INFO org.apache.camel.test.spring.junit5.CamelAnnotationsHandler - Disabling Camel JMX globally for tests by default.  Use the DisableJMX annotation to override the default setting.
09:35:11.399 [main] DEBUG org.springframework.test.context.support.TestPropertySourceUtils - Adding inlined properties to environment: {spring.jmx.enabled=false, org.springframework.boot.test.context.SpringBootTestContextBootstrapper=true}

  .   ____          _            __ _ _
 /\\ / ___'_ __ _ _(_)_ __  __ _ \ \ \ \
( ( )\___ | '_ | '_| | '_ \/ _` | \ \ \ \
 \\/  ___)| |_)| | | | | || (_| |  ) ) ) )
  '  |____| .__|_| |_|_| |_\__, | / / / /
 =========|_|==============|___/=/_/_/_/
 :: Spring Boot ::                (v2.5.1)

2022-08-10 09:35:11.603  INFO 14260 --- [           main] o.s.MySpringBootApplicationTest          : Starting MySpringBootApplicationTest using Java 1.8.0_281 on DESKTOP-9TRSR0L with PID 14260 (started by alexi in C:\Users\alexi\Desktop\Assert\Taller\CamelCapacitacionVideos\secondCamel\camel2)
2022-08-10 09:35:11.605  INFO 14260 --- [           main] o.s.MySpringBootApplicationTest          : No active profile set, falling back to default profiles: default
2022-08-10 09:35:14.213  INFO 14260 --- [           main] o.s.b.a.e.web.EndpointLinksResolver      : Exposing 2 endpoint(s) beneath base path '/actuator'
2022-08-10 09:35:14.352  INFO 14260 --- [           main] o.s.MySpringBootApplicationTest          : Started MySpringBootApplicationTest in 2.947 seconds (JVM running for 3.787)
2022-08-10 09:35:14.357  INFO 14260 --- [           main] o.a.c.t.s.j.CamelAnnotationsHandler      : Setting shutdown timeout to [10 SECONDS] on CamelContext with name [camelContext].
2022-08-10 09:35:14.414  INFO 14260 --- [           main] c.t.s.j.CamelSpringBootExecutionListener : CamelSpringBootExecutionListener before: class org.secondcamel.MySpringBootApplicationTest.test
2022-08-10 09:35:14.415  INFO 14260 --- [           main] c.t.s.j.CamelSpringBootExecutionListener : Initialized CamelSpringBootExecutionListener now ready to start CamelContext
2022-08-10 09:35:14.416  INFO 14260 --- [           main] o.a.c.t.s.j.CamelAnnotationsHandler      : Starting CamelContext with name [camelContext].
2022-08-10 09:35:14.970 ERROR 14260 --- [           main] o.a.c.impl.engine.AbstractCamelContext   : Error starting CamelContext (MyCamel) due to exception thrown: Failed to start route route2 because of Multiple consumers for the same endpoint is not allowed: direct://processGetUser

org.apache.camel.FailedToStartRouteException: Failed to start route route2 because of Multiple consumers for the same endpoint is not allowed: direct://processGetUser
	at org.apache.camel.impl.engine.InternalRouteStartupManager.doStartOrResumeRouteConsumers(InternalRouteStartupManager.java:357) ~[camel-base-engine-3.11.0.jar:3.11.0]
	at org.apache.camel.impl.engine.InternalRouteStartupManager.doStartRouteConsumers(InternalRouteStartupManager.java:319) ~[camel-base-engine-3.11.0.jar:3.11.0]
	at org.apache.camel.impl.engine.InternalRouteStartupManager.safelyStartRouteServices(InternalRouteStartupManager.java:213) ~[camel-base-engine-3.11.0.jar:3.11.0]
	at org.apache.camel.impl.engine.InternalRouteStartupManager.doStartOrResumeRoutes(InternalRouteStartupManager.java:147) ~[camel-base-engine-3.11.0.jar:3.11.0]
	at org.apache.camel.impl.engine.AbstractCamelContext.doStartCamel(AbstractCamelContext.java:3166) [camel-base-engine-3.11.0.jar:3.11.0]
	at org.apache.camel.impl.engine.AbstractCamelContext.doStartContext(AbstractCamelContext.java:2846) [camel-base-engine-3.11.0.jar:3.11.0]
	at org.apache.camel.impl.engine.AbstractCamelContext.doStart(AbstractCamelContext.java:2797) [camel-base-engine-3.11.0.jar:3.11.0]
	at org.apache.camel.spring.boot.SpringBootCamelContext.doStart(SpringBootCamelContext.java:43) [camel-spring-boot-3.11.0.jar:3.11.0]
	at org.apache.camel.support.service.BaseService.start(BaseService.java:119) [camel-api-3.11.0.jar:3.11.0]
	at org.apache.camel.impl.engine.AbstractCamelContext.start(AbstractCamelContext.java:2494) [camel-base-engine-3.11.0.jar:3.11.0]
	at org.apache.camel.impl.DefaultCamelContext.start(DefaultCamelContext.java:245) [camel-core-engine-3.11.0.jar:3.11.0]
	at org.apache.camel.spring.SpringCamelContext.start(SpringCamelContext.java:119) [camel-spring-3.11.0.jar:3.11.0]
	at org.apache.camel.test.spring.junit5.CamelAnnotationsHandler$8.execute(CamelAnnotationsHandler.java:401) [camel-test-spring-junit5-3.11.0.jar:3.11.0]
	at org.apache.camel.test.spring.junit5.CamelSpringTestHelper.doToSpringCamelContexts(CamelSpringTestHelper.java:108) [camel-test-spring-junit5-3.11.0.jar:3.11.0]
	at org.apache.camel.test.spring.junit5.CamelAnnotationsHandler.handleCamelContextStartup(CamelAnnotationsHandler.java:394) [camel-test-spring-junit5-3.11.0.jar:3.11.0]
	at org.apache.camel.test.spring.junit5.CamelSpringBootExecutionListener.beforeTestMethod(CamelSpringBootExecutionListener.java:105) [camel-test-spring-junit5-3.11.0.jar:3.11.0]
	at org.springframework.test.context.TestContextManager.beforeTestMethod(TestContextManager.java:289) [spring-test-5.3.8.jar:5.3.8]
	at org.springframework.test.context.junit.jupiter.SpringExtension.beforeEach(SpringExtension.java:174) [spring-test-5.3.8.jar:5.3.8]
	at org.junit.jupiter.engine.descriptor.TestMethodTestDescriptor.lambda$invokeBeforeEachCallbacks$1(TestMethodTestDescriptor.java:159) [junit-jupiter-engine-5.7.2.jar:5.7.2]
	at org.junit.jupiter.engine.descriptor.TestMethodTestDescriptor.lambda$invokeBeforeMethodsOrCallbacksUntilExceptionOccurs$5(TestMethodTestDescriptor.java:195) [junit-jupiter-engine-5.7.2.jar:5.7.2]
	at org.junit.platform.engine.support.hierarchical.ThrowableCollector.execute(ThrowableCollector.java:73) ~[junit-platform-engine-1.7.2.jar:1.7.2]
	at org.junit.jupiter.engine.descriptor.TestMethodTestDescriptor.invokeBeforeMethodsOrCallbacksUntilExceptionOccurs(TestMethodTestDescriptor.java:195) [junit-jupiter-engine-5.7.2.jar:5.7.2]
	at org.junit.jupiter.engine.descriptor.TestMethodTestDescriptor.invokeBeforeEachCallbacks(TestMethodTestDescriptor.java:158) [junit-jupiter-engine-5.7.2.jar:5.7.2]
	at org.junit.jupiter.engine.descriptor.TestMethodTestDescriptor.execute(TestMethodTestDescriptor.java:125) [junit-jupiter-engine-5.7.2.jar:5.7.2]
	at org.junit.jupiter.engine.descriptor.TestMethodTestDescriptor.execute(TestMethodTestDescriptor.java:65) [junit-jupiter-engine-5.7.2.jar:5.7.2]
	at org.junit.platform.engine.support.hierarchical.NodeTestTask.lambda$executeRecursively$5(NodeTestTask.java:139) ~[junit-platform-engine-1.7.2.jar:1.7.2]
	at org.junit.platform.engine.support.hierarchical.ThrowableCollector.execute(ThrowableCollector.java:73) ~[junit-platform-engine-1.7.2.jar:1.7.2]
	at org.junit.platform.engine.support.hierarchical.NodeTestTask.lambda$executeRecursively$7(NodeTestTask.java:129) ~[junit-platform-engine-1.7.2.jar:1.7.2]
	at org.junit.platform.engine.support.hierarchical.Node.around(Node.java:137) ~[junit-platform-engine-1.7.2.jar:1.7.2]
	at org.junit.platform.engine.support.hierarchical.NodeTestTask.lambda$executeRecursively$8(NodeTestTask.java:127) ~[junit-platform-engine-1.7.2.jar:1.7.2]
	at org.junit.platform.engine.support.hierarchical.ThrowableCollector.execute(ThrowableCollector.java:73) ~[junit-platform-engine-1.7.2.jar:1.7.2]
	at org.junit.platform.engine.support.hierarchical.NodeTestTask.executeRecursively(NodeTestTask.java:126) ~[junit-platform-engine-1.7.2.jar:1.7.2]
	at org.junit.platform.engine.support.hierarchical.NodeTestTask.execute(NodeTestTask.java:84) ~[junit-platform-engine-1.7.2.jar:1.7.2]
	at java.util.ArrayList.forEach(ArrayList.java:1259) ~[na:1.8.0_281]
	at org.junit.platform.engine.support.hierarchical.SameThreadHierarchicalTestExecutorService.invokeAll(SameThreadHierarchicalTestExecutorService.java:38) ~[junit-platform-engine-1.7.2.jar:1.7.2]
	at org.junit.platform.engine.support.hierarchical.NodeTestTask.lambda$executeRecursively$5(NodeTestTask.java:143) ~[junit-platform-engine-1.7.2.jar:1.7.2]
	at org.junit.platform.engine.support.hierarchical.ThrowableCollector.execute(ThrowableCollector.java:73) ~[junit-platform-engine-1.7.2.jar:1.7.2]
	at org.junit.platform.engine.support.hierarchical.NodeTestTask.lambda$executeRecursively$7(NodeTestTask.java:129) ~[junit-platform-engine-1.7.2.jar:1.7.2]
	at org.junit.platform.engine.support.hierarchical.Node.around(Node.java:137) ~[junit-platform-engine-1.7.2.jar:1.7.2]
	at org.junit.platform.engine.support.hierarchical.NodeTestTask.lambda$executeRecursively$8(NodeTestTask.java:127) ~[junit-platform-engine-1.7.2.jar:1.7.2]
	at org.junit.platform.engine.support.hierarchical.ThrowableCollector.execute(ThrowableCollector.java:73) ~[junit-platform-engine-1.7.2.jar:1.7.2]
	at org.junit.platform.engine.support.hierarchical.NodeTestTask.executeRecursively(NodeTestTask.java:126) ~[junit-platform-engine-1.7.2.jar:1.7.2]
	at org.junit.platform.engine.support.hierarchical.NodeTestTask.execute(NodeTestTask.java:84) ~[junit-platform-engine-1.7.2.jar:1.7.2]
	at java.util.ArrayList.forEach(ArrayList.java:1259) ~[na:1.8.0_281]
	at org.junit.platform.engine.support.hierarchical.SameThreadHierarchicalTestExecutorService.invokeAll(SameThreadHierarchicalTestExecutorService.java:38) ~[junit-platform-engine-1.7.2.jar:1.7.2]
	at org.junit.platform.engine.support.hierarchical.NodeTestTask.lambda$executeRecursively$5(NodeTestTask.java:143) ~[junit-platform-engine-1.7.2.jar:1.7.2]
	at org.junit.platform.engine.support.hierarchical.ThrowableCollector.execute(ThrowableCollector.java:73) ~[junit-platform-engine-1.7.2.jar:1.7.2]
	at org.junit.platform.engine.support.hierarchical.NodeTestTask.lambda$executeRecursively$7(NodeTestTask.java:129) ~[junit-platform-engine-1.7.2.jar:1.7.2]
	at org.junit.platform.engine.support.hierarchical.Node.around(Node.java:137) ~[junit-platform-engine-1.7.2.jar:1.7.2]
	at org.junit.platform.engine.support.hierarchical.NodeTestTask.lambda$executeRecursively$8(NodeTestTask.java:127) ~[junit-platform-engine-1.7.2.jar:1.7.2]
	at org.junit.platform.engine.support.hierarchical.ThrowableCollector.execute(ThrowableCollector.java:73) ~[junit-platform-engine-1.7.2.jar:1.7.2]
	at org.junit.platform.engine.support.hierarchical.NodeTestTask.executeRecursively(NodeTestTask.java:126) ~[junit-platform-engine-1.7.2.jar:1.7.2]
	at org.junit.platform.engine.support.hierarchical.NodeTestTask.execute(NodeTestTask.java:84) ~[junit-platform-engine-1.7.2.jar:1.7.2]
	at org.junit.platform.engine.support.hierarchical.SameThreadHierarchicalTestExecutorService.submit(SameThreadHierarchicalTestExecutorService.java:32) ~[junit-platform-engine-1.7.2.jar:1.7.2]
	at org.junit.platform.engine.support.hierarchical.HierarchicalTestExecutor.execute(HierarchicalTestExecutor.java:57) ~[junit-platform-engine-1.7.2.jar:1.7.2]
	at org.junit.platform.engine.support.hierarchical.HierarchicalTestEngine.execute(HierarchicalTestEngine.java:51) ~[junit-platform-engine-1.7.2.jar:1.7.2]
	at org.junit.platform.launcher.core.EngineExecutionOrchestrator.execute(EngineExecutionOrchestrator.java:108) ~[junit-platform-launcher-1.7.2.jar:1.7.2]
	at org.junit.platform.launcher.core.EngineExecutionOrchestrator.execute(EngineExecutionOrchestrator.java:88) ~[junit-platform-launcher-1.7.2.jar:1.7.2]
	at org.junit.platform.launcher.core.EngineExecutionOrchestrator.lambda$execute$0(EngineExecutionOrchestrator.java:54) ~[junit-platform-launcher-1.7.2.jar:1.7.2]
	at org.junit.platform.launcher.core.EngineExecutionOrchestrator.withInterceptedStreams(EngineExecutionOrchestrator.java:67) ~[junit-platform-launcher-1.7.2.jar:1.7.2]
	at org.junit.platform.launcher.core.EngineExecutionOrchestrator.execute(EngineExecutionOrchestrator.java:52) ~[junit-platform-launcher-1.7.2.jar:1.7.2]
	at org.junit.platform.launcher.core.DefaultLauncher.execute(DefaultLauncher.java:96) ~[junit-platform-launcher-1.7.2.jar:1.7.2]
	at org.junit.platform.launcher.core.DefaultLauncher.execute(DefaultLauncher.java:75) ~[junit-platform-launcher-1.7.2.jar:1.7.2]
	at org.apache.maven.surefire.junitplatform.JUnitPlatformProvider.invokeAllTests(JUnitPlatformProvider.java:154) ~[surefire-junit-platform-3.0.0-M4.jar:3.0.0-M4]
	at org.apache.maven.surefire.junitplatform.JUnitPlatformProvider.invoke(JUnitPlatformProvider.java:127) ~[surefire-junit-platform-3.0.0-M4.jar:3.0.0-M4]
	at org.apache.maven.surefire.booter.ForkedBooter.runSuitesInProcess(ForkedBooter.java:377) ~[surefire-booter-3.0.0-M4.jar:3.0.0-M4]
	at org.apache.maven.surefire.booter.ForkedBooter.execute(ForkedBooter.java:138) ~[surefire-booter-3.0.0-M4.jar:3.0.0-M4]
	at org.apache.maven.surefire.booter.ForkedBooter.run(ForkedBooter.java:465) ~[surefire-booter-3.0.0-M4.jar:3.0.0-M4]
	at org.apache.maven.surefire.booter.ForkedBooter.main(ForkedBooter.java:451) ~[surefire-booter-3.0.0-M4.jar:3.0.0-M4]

2022-08-10 09:35:14.991  INFO 14260 --- [           main] o.a.c.impl.engine.AbstractCamelContext   : Apache Camel 3.11.0 (MyCamel) shutting down (timeout:10s)
2022-08-10 09:35:15.060  INFO 14260 --- [           main] o.a.c.impl.engine.AbstractCamelContext   : Routes shutdown summary (total:5 stopped:5)
2022-08-10 09:35:15.060  INFO 14260 --- [           main] o.a.c.impl.engine.AbstractCamelContext   :     Stopped route5 (rest://post:ws_rest_camel:/users)
2022-08-10 09:35:15.060  INFO 14260 --- [           main] o.a.c.impl.engine.AbstractCamelContext   :     Stopped route4 (rest://get:ws_rest_camel:/users)
2022-08-10 09:35:15.060  INFO 14260 --- [           main] o.a.c.impl.engine.AbstractCamelContext   :     Stopped route3 (direct://processPostUser)
2022-08-10 09:35:15.060  INFO 14260 --- [           main] o.a.c.impl.engine.AbstractCamelContext   :     Stopped route2 (direct://processGetUser)
2022-08-10 09:35:15.061  INFO 14260 --- [           main] o.a.c.impl.engine.AbstractCamelContext   :     Stopped route1 (direct://processGetUser)
2022-08-10 09:35:15.067  INFO 14260 --- [           main] o.a.c.impl.engine.AbstractCamelContext   : Apache Camel 3.11.0 (MyCamel) shutdown in 76ms (uptime:187ms)
2022-08-10 09:35:15.068  WARN 14260 --- [           main] o.s.test.context.TestContextManager      : Caught exception while invoking 'beforeTestMethod' callback on TestExecutionListener [org.apache.camel.test.spring.junit5.CamelSpringBootExecutionListener@5852c06f] for test method [public void org.secondcamel.MySpringBootApplicationTest.test() throws java.lang.Exception] and test instance [org.secondcamel.MySpringBootApplicationTest@70881123]

org.apache.camel.FailedToStartRouteException: Failed to start route route2 because of Multiple consumers for the same endpoint is not allowed: direct://processGetUser
	at org.apache.camel.impl.engine.InternalRouteStartupManager.doStartOrResumeRouteConsumers(InternalRouteStartupManager.java:357) ~[camel-base-engine-3.11.0.jar:3.11.0]
	at org.apache.camel.impl.engine.InternalRouteStartupManager.doStartRouteConsumers(InternalRouteStartupManager.java:319) ~[camel-base-engine-3.11.0.jar:3.11.0]
	at org.apache.camel.impl.engine.InternalRouteStartupManager.safelyStartRouteServices(InternalRouteStartupManager.java:213) ~[camel-base-engine-3.11.0.jar:3.11.0]
	at org.apache.camel.impl.engine.InternalRouteStartupManager.doStartOrResumeRoutes(InternalRouteStartupManager.java:147) ~[camel-base-engine-3.11.0.jar:3.11.0]
	at org.apache.camel.impl.engine.AbstractCamelContext.doStartCamel(AbstractCamelContext.java:3166) ~[camel-base-engine-3.11.0.jar:3.11.0]
	at org.apache.camel.impl.engine.AbstractCamelContext.doStartContext(AbstractCamelContext.java:2846) ~[camel-base-engine-3.11.0.jar:3.11.0]
	at org.apache.camel.impl.engine.AbstractCamelContext.doStart(AbstractCamelContext.java:2797) ~[camel-base-engine-3.11.0.jar:3.11.0]
	at org.apache.camel.spring.boot.SpringBootCamelContext.doStart(SpringBootCamelContext.java:43) ~[camel-spring-boot-3.11.0.jar:3.11.0]
	at org.apache.camel.support.service.BaseService.start(BaseService.java:119) ~[camel-api-3.11.0.jar:3.11.0]
	at org.apache.camel.impl.engine.AbstractCamelContext.start(AbstractCamelContext.java:2494) ~[camel-base-engine-3.11.0.jar:3.11.0]
	at org.apache.camel.impl.DefaultCamelContext.start(DefaultCamelContext.java:245) ~[camel-core-engine-3.11.0.jar:3.11.0]
	at org.apache.camel.spring.SpringCamelContext.start(SpringCamelContext.java:119) ~[camel-spring-3.11.0.jar:3.11.0]
	at org.apache.camel.test.spring.junit5.CamelAnnotationsHandler$8.execute(CamelAnnotationsHandler.java:401) ~[camel-test-spring-junit5-3.11.0.jar:3.11.0]
	at org.apache.camel.test.spring.junit5.CamelSpringTestHelper.doToSpringCamelContexts(CamelSpringTestHelper.java:108) ~[camel-test-spring-junit5-3.11.0.jar:3.11.0]
	at org.apache.camel.test.spring.junit5.CamelAnnotationsHandler.handleCamelContextStartup(CamelAnnotationsHandler.java:394) ~[camel-test-spring-junit5-3.11.0.jar:3.11.0]
	at org.apache.camel.test.spring.junit5.CamelSpringBootExecutionListener.beforeTestMethod(CamelSpringBootExecutionListener.java:105) ~[camel-test-spring-junit5-3.11.0.jar:3.11.0]
	at org.springframework.test.context.TestContextManager.beforeTestMethod(TestContextManager.java:289) ~[spring-test-5.3.8.jar:5.3.8]
	at org.springframework.test.context.junit.jupiter.SpringExtension.beforeEach(SpringExtension.java:174) [spring-test-5.3.8.jar:5.3.8]
	at org.junit.jupiter.engine.descriptor.TestMethodTestDescriptor.lambda$invokeBeforeEachCallbacks$1(TestMethodTestDescriptor.java:159) [junit-jupiter-engine-5.7.2.jar:5.7.2]
	at org.junit.jupiter.engine.descriptor.TestMethodTestDescriptor.lambda$invokeBeforeMethodsOrCallbacksUntilExceptionOccurs$5(TestMethodTestDescriptor.java:195) [junit-jupiter-engine-5.7.2.jar:5.7.2]
	at org.junit.platform.engine.support.hierarchical.ThrowableCollector.execute(ThrowableCollector.java:73) ~[junit-platform-engine-1.7.2.jar:1.7.2]
	at org.junit.jupiter.engine.descriptor.TestMethodTestDescriptor.invokeBeforeMethodsOrCallbacksUntilExceptionOccurs(TestMethodTestDescriptor.java:195) [junit-jupiter-engine-5.7.2.jar:5.7.2]
	at org.junit.jupiter.engine.descriptor.TestMethodTestDescriptor.invokeBeforeEachCallbacks(TestMethodTestDescriptor.java:158) [junit-jupiter-engine-5.7.2.jar:5.7.2]
	at org.junit.jupiter.engine.descriptor.TestMethodTestDescriptor.execute(TestMethodTestDescriptor.java:125) [junit-jupiter-engine-5.7.2.jar:5.7.2]
	at org.junit.jupiter.engine.descriptor.TestMethodTestDescriptor.execute(TestMethodTestDescriptor.java:65) [junit-jupiter-engine-5.7.2.jar:5.7.2]
	at org.junit.platform.engine.support.hierarchical.NodeTestTask.lambda$executeRecursively$5(NodeTestTask.java:139) ~[junit-platform-engine-1.7.2.jar:1.7.2]
	at org.junit.platform.engine.support.hierarchical.ThrowableCollector.execute(ThrowableCollector.java:73) ~[junit-platform-engine-1.7.2.jar:1.7.2]
	at org.junit.platform.engine.support.hierarchical.NodeTestTask.lambda$executeRecursively$7(NodeTestTask.java:129) ~[junit-platform-engine-1.7.2.jar:1.7.2]
	at org.junit.platform.engine.support.hierarchical.Node.around(Node.java:137) ~[junit-platform-engine-1.7.2.jar:1.7.2]
	at org.junit.platform.engine.support.hierarchical.NodeTestTask.lambda$executeRecursively$8(NodeTestTask.java:127) ~[junit-platform-engine-1.7.2.jar:1.7.2]
	at org.junit.platform.engine.support.hierarchical.ThrowableCollector.execute(ThrowableCollector.java:73) ~[junit-platform-engine-1.7.2.jar:1.7.2]
	at org.junit.platform.engine.support.hierarchical.NodeTestTask.executeRecursively(NodeTestTask.java:126) ~[junit-platform-engine-1.7.2.jar:1.7.2]
	at org.junit.platform.engine.support.hierarchical.NodeTestTask.execute(NodeTestTask.java:84) ~[junit-platform-engine-1.7.2.jar:1.7.2]
	at java.util.ArrayList.forEach(ArrayList.java:1259) ~[na:1.8.0_281]
	at org.junit.platform.engine.support.hierarchical.SameThreadHierarchicalTestExecutorService.invokeAll(SameThreadHierarchicalTestExecutorService.java:38) ~[junit-platform-engine-1.7.2.jar:1.7.2]
	at org.junit.platform.engine.support.hierarchical.NodeTestTask.lambda$executeRecursively$5(NodeTestTask.java:143) ~[junit-platform-engine-1.7.2.jar:1.7.2]
	at org.junit.platform.engine.support.hierarchical.ThrowableCollector.execute(ThrowableCollector.java:73) ~[junit-platform-engine-1.7.2.jar:1.7.2]
	at org.junit.platform.engine.support.hierarchical.NodeTestTask.lambda$executeRecursively$7(NodeTestTask.java:129) ~[junit-platform-engine-1.7.2.jar:1.7.2]
	at org.junit.platform.engine.support.hierarchical.Node.around(Node.java:137) ~[junit-platform-engine-1.7.2.jar:1.7.2]
	at org.junit.platform.engine.support.hierarchical.NodeTestTask.lambda$executeRecursively$8(NodeTestTask.java:127) ~[junit-platform-engine-1.7.2.jar:1.7.2]
	at org.junit.platform.engine.support.hierarchical.ThrowableCollector.execute(ThrowableCollector.java:73) ~[junit-platform-engine-1.7.2.jar:1.7.2]
	at org.junit.platform.engine.support.hierarchical.NodeTestTask.executeRecursively(NodeTestTask.java:126) ~[junit-platform-engine-1.7.2.jar:1.7.2]
	at org.junit.platform.engine.support.hierarchical.NodeTestTask.execute(NodeTestTask.java:84) ~[junit-platform-engine-1.7.2.jar:1.7.2]
	at java.util.ArrayList.forEach(ArrayList.java:1259) ~[na:1.8.0_281]
	at org.junit.platform.engine.support.hierarchical.SameThreadHierarchicalTestExecutorService.invokeAll(SameThreadHierarchicalTestExecutorService.java:38) ~[junit-platform-engine-1.7.2.jar:1.7.2]
	at org.junit.platform.engine.support.hierarchical.NodeTestTask.lambda$executeRecursively$5(NodeTestTask.java:143) ~[junit-platform-engine-1.7.2.jar:1.7.2]
	at org.junit.platform.engine.support.hierarchical.ThrowableCollector.execute(ThrowableCollector.java:73) ~[junit-platform-engine-1.7.2.jar:1.7.2]
	at org.junit.platform.engine.support.hierarchical.NodeTestTask.lambda$executeRecursively$7(NodeTestTask.java:129) ~[junit-platform-engine-1.7.2.jar:1.7.2]
	at org.junit.platform.engine.support.hierarchical.Node.around(Node.java:137) ~[junit-platform-engine-1.7.2.jar:1.7.2]
	at org.junit.platform.engine.support.hierarchical.NodeTestTask.lambda$executeRecursively$8(NodeTestTask.java:127) ~[junit-platform-engine-1.7.2.jar:1.7.2]
	at org.junit.platform.engine.support.hierarchical.ThrowableCollector.execute(ThrowableCollector.java:73) ~[junit-platform-engine-1.7.2.jar:1.7.2]
	at org.junit.platform.engine.support.hierarchical.NodeTestTask.executeRecursively(NodeTestTask.java:126) ~[junit-platform-engine-1.7.2.jar:1.7.2]
	at org.junit.platform.engine.support.hierarchical.NodeTestTask.execute(NodeTestTask.java:84) ~[junit-platform-engine-1.7.2.jar:1.7.2]
	at org.junit.platform.engine.support.hierarchical.SameThreadHierarchicalTestExecutorService.submit(SameThreadHierarchicalTestExecutorService.java:32) ~[junit-platform-engine-1.7.2.jar:1.7.2]
	at org.junit.platform.engine.support.hierarchical.HierarchicalTestExecutor.execute(HierarchicalTestExecutor.java:57) ~[junit-platform-engine-1.7.2.jar:1.7.2]
	at org.junit.platform.engine.support.hierarchical.HierarchicalTestEngine.execute(HierarchicalTestEngine.java:51) ~[junit-platform-engine-1.7.2.jar:1.7.2]
	at org.junit.platform.launcher.core.EngineExecutionOrchestrator.execute(EngineExecutionOrchestrator.java:108) ~[junit-platform-launcher-1.7.2.jar:1.7.2]
	at org.junit.platform.launcher.core.EngineExecutionOrchestrator.execute(EngineExecutionOrchestrator.java:88) ~[junit-platform-launcher-1.7.2.jar:1.7.2]
	at org.junit.platform.launcher.core.EngineExecutionOrchestrator.lambda$execute$0(EngineExecutionOrchestrator.java:54) ~[junit-platform-launcher-1.7.2.jar:1.7.2]
	at org.junit.platform.launcher.core.EngineExecutionOrchestrator.withInterceptedStreams(EngineExecutionOrchestrator.java:67) ~[junit-platform-launcher-1.7.2.jar:1.7.2]
	at org.junit.platform.launcher.core.EngineExecutionOrchestrator.execute(EngineExecutionOrchestrator.java:52) ~[junit-platform-launcher-1.7.2.jar:1.7.2]
	at org.junit.platform.launcher.core.DefaultLauncher.execute(DefaultLauncher.java:96) ~[junit-platform-launcher-1.7.2.jar:1.7.2]
	at org.junit.platform.launcher.core.DefaultLauncher.execute(DefaultLauncher.java:75) ~[junit-platform-launcher-1.7.2.jar:1.7.2]
	at org.apache.maven.surefire.junitplatform.JUnitPlatformProvider.invokeAllTests(JUnitPlatformProvider.java:154) ~[surefire-junit-platform-3.0.0-M4.jar:3.0.0-M4]
	at org.apache.maven.surefire.junitplatform.JUnitPlatformProvider.invoke(JUnitPlatformProvider.java:127) ~[surefire-junit-platform-3.0.0-M4.jar:3.0.0-M4]
	at org.apache.maven.surefire.booter.ForkedBooter.runSuitesInProcess(ForkedBooter.java:377) ~[surefire-booter-3.0.0-M4.jar:3.0.0-M4]
	at org.apache.maven.surefire.booter.ForkedBooter.execute(ForkedBooter.java:138) ~[surefire-booter-3.0.0-M4.jar:3.0.0-M4]
	at org.apache.maven.surefire.booter.ForkedBooter.run(ForkedBooter.java:465) ~[surefire-booter-3.0.0-M4.jar:3.0.0-M4]
	at org.apache.maven.surefire.booter.ForkedBooter.main(ForkedBooter.java:451) ~[surefire-booter-3.0.0-M4.jar:3.0.0-M4]

2022-08-10 09:35:15.464  INFO 14260 --- [           main] c.t.s.j.CamelSpringBootExecutionListener : CamelSpringBootExecutionListener after: class org.secondcamel.MySpringBootApplicationTest.test
]]></system-out>
  </testcase>
</testsuite>