<?xml version="1.0" encoding="UTF-8"?>
<testsuite xmlns:xsi="http://www.w3.org/2001/XMLSchema-instance" xsi:noNamespaceSchemaLocation="https://maven.apache.org/surefire/maven-surefire-plugin/xsd/surefire-test-report-3.0.xsd" version="3.0" name="org.camel.MySpringBootApplicationTest" time="3.476" tests="1" errors="0" skipped="0" failures="0">
  <properties>
    <property name="sun.desktop" value="windows"/>
    <property name="awt.toolkit" value="sun.awt.windows.WToolkit"/>
    <property name="file.encoding.pkg" value="sun.io"/>
    <property name="java.specification.version" value="1.8"/>
    <property name="sun.cpu.isalist" value="amd64"/>
    <property name="sun.jnu.encoding" value="Cp1252"/>
    <property name="java.class.path" value="C:\Users\alexi\Desktop\Assert\Taller\CamelCapacitacionVideos\firstCamel\firstcamel\target\test-classes;C:\Users\alexi\Desktop\Assert\Taller\CamelCapacitacionVideos\firstCamel\firstcamel\target\classes;C:\Users\alexi\.m2\repository\org\springframework\boot\spring-boot-starter-web\2.5.1\spring-boot-starter-web-2.5.1.jar;C:\Users\alexi\.m2\repository\org\springframework\boot\spring-boot-starter\2.5.1\spring-boot-starter-2.5.1.jar;C:\Users\alexi\.m2\repository\org\springframework\boot\spring-boot\2.5.1\spring-boot-2.5.1.jar;C:\Users\alexi\.m2\repository\org\springframework\boot\spring-boot-autoconfigure\2.5.1\spring-boot-autoconfigure-2.5.1.jar;C:\Users\alexi\.m2\repository\org\springframework\boot\spring-boot-starter-logging\2.5.1\spring-boot-starter-logging-2.5.1.jar;C:\Users\alexi\.m2\repository\ch\qos\logback\logback-classic\1.2.3\logback-classic-1.2.3.jar;C:\Users\alexi\.m2\repository\ch\qos\logback\logback-core\1.2.3\logback-core-1.2.3.jar;C:\Users\alexi\.m2\repository\org\apache\logging\log4j\log4j-to-slf4j\2.14.1\log4j-to-slf4j-2.14.1.jar;C:\Users\alexi\.m2\repository\org\apache\logging\log4j\log4j-api\2.14.1\log4j-api-2.14.1.jar;C:\Users\alexi\.m2\repository\org\slf4j\jul-to-slf4j\1.7.30\jul-to-slf4j-1.7.30.jar;C:\Users\alexi\.m2\repository\jakarta\annotation\jakarta.annotation-api\1.3.5\jakarta.annotation-api-1.3.5.jar;C:\Users\alexi\.m2\repository\org\yaml\snakeyaml\1.28\snakeyaml-1.28.jar;C:\Users\alexi\.m2\repository\org\springframework\boot\spring-boot-starter-json\2.5.1\spring-boot-starter-json-2.5.1.jar;C:\Users\alexi\.m2\repository\com\fasterxml\jackson\core\jackson-databind\2.12.3\jackson-databind-2.12.3.jar;C:\Users\alexi\.m2\repository\com\fasterxml\jackson\core\jackson-annotations\2.12.3\jackson-annotations-2.12.3.jar;C:\Users\alexi\.m2\repository\com\fasterxml\jackson\core\jackson-core\2.12.3\jackson-core-2.12.3.jar;C:\Users\alexi\.m2\repository\com\fasterxml\jackson\datatype\jackson-datatype-jdk8\2.12.3\jackson-datatype-jdk8-2.12.3.jar;C:\Users\alexi\.m2\repository\com\fasterxml\jackson\datatype\jackson-datatype-jsr310\2.12.3\jackson-datatype-jsr310-2.12.3.jar;C:\Users\alexi\.m2\repository\com\fasterxml\jackson\module\jackson-module-parameter-names\2.12.3\jackson-module-parameter-names-2.12.3.jar;C:\Users\alexi\.m2\repository\org\springframework\spring-web\5.3.8\spring-web-5.3.8.jar;C:\Users\alexi\.m2\repository\org\springframework\spring-beans\5.3.8\spring-beans-5.3.8.jar;C:\Users\alexi\.m2\repository\org\springframework\spring-webmvc\5.3.8\spring-webmvc-5.3.8.jar;C:\Users\alexi\.m2\repository\org\springframework\spring-aop\5.3.8\spring-aop-5.3.8.jar;C:\Users\alexi\.m2\repository\org\springframework\spring-context\5.3.8\spring-context-5.3.8.jar;C:\Users\alexi\.m2\repository\org\springframework\spring-expression\5.3.8\spring-expression-5.3.8.jar;C:\Users\alexi\.m2\repository\org\springframework\boot\spring-boot-starter-undertow\2.5.1\spring-boot-starter-undertow-2.5.1.jar;C:\Users\alexi\.m2\repository\io\undertow\undertow-core\2.2.8.Final\undertow-core-2.2.8.Final.jar;C:\Users\alexi\.m2\repository\org\jboss\logging\jboss-logging\3.4.2.Final\jboss-logging-3.4.2.Final.jar;C:\Users\alexi\.m2\repository\org\jboss\xnio\xnio-api\3.8.0.Final\xnio-api-3.8.0.Final.jar;C:\Users\alexi\.m2\repository\org\wildfly\common\wildfly-common\1.5.2.Final\wildfly-common-1.5.2.Final.jar;C:\Users\alexi\.m2\repository\org\wildfly\client\wildfly-client-config\1.0.1.Final\wildfly-client-config-1.0.1.Final.jar;C:\Users\alexi\.m2\repository\org\jboss\xnio\xnio-nio\3.8.0.Final\xnio-nio-3.8.0.Final.jar;C:\Users\alexi\.m2\repository\org\jboss\threads\jboss-threads\3.1.0.Final\jboss-threads-3.1.0.Final.jar;C:\Users\alexi\.m2\repository\io\undertow\undertow-servlet\2.2.8.Final\undertow-servlet-2.2.8.Final.jar;C:\Users\alexi\.m2\repository\org\jboss\spec\javax\annotation\jboss-annotations-api_1.3_spec\2.0.1.Final\jboss-annotations-api_1.3_spec-2.0.1.Final.jar;C:\Users\alexi\.m2\repository\io\undertow\undertow-websockets-jsr\2.2.8.Final\undertow-websockets-jsr-2.2.8.Final.jar;C:\Users\alexi\.m2\repository\org\jboss\spec\javax\websocket\jboss-websocket-api_1.1_spec\2.0.0.Final\jboss-websocket-api_1.1_spec-2.0.0.Final.jar;C:\Users\alexi\.m2\repository\jakarta\servlet\jakarta.servlet-api\4.0.4\jakarta.servlet-api-4.0.4.jar;C:\Users\alexi\.m2\repository\org\apache\tomcat\embed\tomcat-embed-el\9.0.46\tomcat-embed-el-9.0.46.jar;C:\Users\alexi\.m2\repository\org\springframework\boot\spring-boot-starter-actuator\2.5.1\spring-boot-starter-actuator-2.5.1.jar;C:\Users\alexi\.m2\repository\org\springframework\boot\spring-boot-actuator-autoconfigure\2.5.1\spring-boot-actuator-autoconfigure-2.5.1.jar;C:\Users\alexi\.m2\repository\org\springframework\boot\spring-boot-actuator\2.5.1\spring-boot-actuator-2.5.1.jar;C:\Users\alexi\.m2\repository\io\micrometer\micrometer-core\1.7.0\micrometer-core-1.7.0.jar;C:\Users\alexi\.m2\repository\org\hdrhistogram\HdrHistogram\2.1.12\HdrHistogram-2.1.12.jar;C:\Users\alexi\.m2\repository\org\latencyutils\LatencyUtils\2.0.3\LatencyUtils-2.0.3.jar;C:\Users\alexi\.m2\repository\org\apache\camel\springboot\camel-spring-boot-starter\3.11.0\camel-spring-boot-starter-3.11.0.jar;C:\Users\alexi\.m2\repository\org\apache\camel\springboot\camel-spring-boot\3.11.0\camel-spring-boot-3.11.0.jar;C:\Users\alexi\.m2\repository\org\apache\camel\camel-spring\3.11.0\camel-spring-3.11.0.jar;C:\Users\alexi\.m2\repository\org\apache\camel\camel-management-api\3.11.0\camel-management-api-3.11.0.jar;C:\Users\alexi\.m2\repository\org\springframework\spring-tx\5.3.8\spring-tx-5.3.8.jar;C:\Users\alexi\.m2\repository\org\apache\camel\camel-spring-main\3.11.0\camel-spring-main-3.11.0.jar;C:\Users\alexi\.m2\repository\org\apache\camel\camel-main\3.11.0\camel-main-3.11.0.jar;C:\Users\alexi\.m2\repository\org\apache\camel\camel-base\3.11.0\camel-base-3.11.0.jar;C:\Users\alexi\.m2\repository\org\apache\camel\camel-xml-jaxb-dsl\3.11.0\camel-xml-jaxb-dsl-3.11.0.jar;C:\Users\alexi\.m2\repository\org\apache\camel\camel-core-model\3.11.0\camel-core-model-3.11.0.jar;C:\Users\alexi\.m2\repository\org\apache\camel\camel-core-processor\3.11.0\camel-core-processor-3.11.0.jar;C:\Users\alexi\.m2\repository\org\apache\camel\camel-dsl-support\3.11.0\camel-dsl-support-3.11.0.jar;C:\Users\alexi\.m2\repository\org\apache\camel\camel-endpointdsl\3.11.0\camel-endpointdsl-3.11.0.jar;C:\Users\alexi\.m2\repository\org\apache\camel\camel-cloud\3.11.0\camel-cloud-3.11.0.jar;C:\Users\alexi\.m2\repository\org\apache\camel\camel-cluster\3.11.0\camel-cluster-3.11.0.jar;C:\Users\alexi\.m2\repository\org\apache\camel\camel-base-engine\3.11.0\camel-base-engine-3.11.0.jar;C:\Users\alexi\.m2\repository\org\apache\camel\camel-health\3.11.0\camel-health-3.11.0.jar;C:\Users\alexi\.m2\repository\org\apache\camel\springboot\camel-core-starter\3.11.0\camel-core-starter-3.11.0.jar;C:\Users\alexi\.m2\repository\org\apache\camel\camel-core-engine\3.11.0\camel-core-engine-3.11.0.jar;C:\Users\alexi\.m2\repository\org\apache\camel\camel-api\3.11.0\camel-api-3.11.0.jar;C:\Users\alexi\.m2\repository\org\apache\camel\camel-core-reifier\3.11.0\camel-core-reifier-3.11.0.jar;C:\Users\alexi\.m2\repository\org\apache\camel\camel-util\3.11.0\camel-util-3.11.0.jar;C:\Users\alexi\.m2\repository\org\apache\camel\springboot\camel-bean-starter\3.11.0\camel-bean-starter-3.11.0.jar;C:\Users\alexi\.m2\repository\org\apache\camel\camel-bean\3.11.0\camel-bean-3.11.0.jar;C:\Users\alexi\.m2\repository\org\apache\camel\springboot\camel-browse-starter\3.11.0\camel-browse-starter-3.11.0.jar;C:\Users\alexi\.m2\repository\org\apache\camel\camel-browse\3.11.0\camel-browse-3.11.0.jar;C:\Users\alexi\.m2\repository\org\apache\camel\springboot\camel-controlbus-starter\3.11.0\camel-controlbus-starter-3.11.0.jar;C:\Users\alexi\.m2\repository\org\apache\camel\camel-controlbus\3.11.0\camel-controlbus-3.11.0.jar;C:\Users\alexi\.m2\repository\org\apache\camel\springboot\camel-dataformat-starter\3.11.0\camel-dataformat-starter-3.11.0.jar;C:\Users\alexi\.m2\repository\org\apache\camel\camel-dataformat\3.11.0\camel-dataformat-3.11.0.jar;C:\Users\alexi\.m2\repository\org\apache\camel\springboot\camel-dataset-starter\3.11.0\camel-dataset-starter-3.11.0.jar;C:\Users\alexi\.m2\repository\org\apache\camel\camel-dataset\3.11.0\camel-dataset-3.11.0.jar;C:\Users\alexi\.m2\repository\org\apache\camel\springboot\camel-direct-starter\3.11.0\camel-direct-starter-3.11.0.jar;C:\Users\alexi\.m2\repository\org\apache\camel\camel-direct\3.11.0\camel-direct-3.11.0.jar;C:\Users\alexi\.m2\repository\org\apache\camel\springboot\camel-directvm-starter\3.11.0\camel-directvm-starter-3.11.0.jar;C:\Users\alexi\.m2\repository\org\apache\camel\camel-directvm\3.11.0\camel-directvm-3.11.0.jar;C:\Users\alexi\.m2\repository\org\apache\camel\springboot\camel-file-starter\3.11.0\camel-file-starter-3.11.0.jar;C:\Users\alexi\.m2\repository\org\apache\camel\camel-file\3.11.0\camel-file-3.11.0.jar;C:\Users\alexi\.m2\repository\org\apache\camel\springboot\camel-language-starter\3.11.0\camel-language-starter-3.11.0.jar;C:\Users\alexi\.m2\repository\org\apache\camel\camel-language\3.11.0\camel-language-3.11.0.jar;C:\Users\alexi\.m2\repository\org\apache\camel\springboot\camel-log-starter\3.11.0\camel-log-starter-3.11.0.jar;C:\Users\alexi\.m2\repository\org\apache\camel\camel-log\3.11.0\camel-log-3.11.0.jar;C:\Users\alexi\.m2\repository\org\apache\camel\springboot\camel-mock-starter\3.11.0\camel-mock-starter-3.11.0.jar;C:\Users\alexi\.m2\repository\org\apache\camel\camel-mock\3.11.0\camel-mock-3.11.0.jar;C:\Users\alexi\.m2\repository\org\apache\camel\springboot\camel-ref-starter\3.11.0\camel-ref-starter-3.11.0.jar;C:\Users\alexi\.m2\repository\org\apache\camel\camel-ref\3.11.0\camel-ref-3.11.0.jar;C:\Users\alexi\.m2\repository\org\apache\camel\springboot\camel-rest-starter\3.11.0\camel-rest-starter-3.11.0.jar;C:\Users\alexi\.m2\repository\org\apache\camel\camel-rest\3.11.0\camel-rest-3.11.0.jar;C:\Users\alexi\.m2\repository\org\apache\camel\camel-tooling-model\3.11.0\camel-tooling-model-3.11.0.jar;C:\Users\alexi\.m2\repository\org\apache\camel\camel-util-json\3.11.0\camel-util-json-3.11.0.jar;C:\Users\alexi\.m2\repository\org\apache\camel\springboot\camel-saga-starter\3.11.0\camel-saga-starter-3.11.0.jar;C:\Users\alexi\.m2\repository\org\apache\camel\camel-saga\3.11.0\camel-saga-3.11.0.jar;C:\Users\alexi\.m2\repository\org\apache\camel\springboot\camel-scheduler-starter\3.11.0\camel-scheduler-starter-3.11.0.jar;C:\Users\alexi\.m2\repository\org\apache\camel\camel-scheduler\3.11.0\camel-scheduler-3.11.0.jar;C:\Users\alexi\.m2\repository\org\apache\camel\springboot\camel-seda-starter\3.11.0\camel-seda-starter-3.11.0.jar;C:\Users\alexi\.m2\repository\org\apache\camel\camel-seda\3.11.0\camel-seda-3.11.0.jar;C:\Users\alexi\.m2\repository\org\apache\camel\springboot\camel-stub-starter\3.11.0\camel-stub-starter-3.11.0.jar;C:\Users\alexi\.m2\repository\org\apache\camel\camel-stub\3.11.0\camel-stub-3.11.0.jar;C:\Users\alexi\.m2\repository\org\apache\camel\springboot\camel-timer-starter\3.11.0\camel-timer-starter-3.11.0.jar;C:\Users\alexi\.m2\repository\org\apache\camel\camel-timer\3.11.0\camel-timer-3.11.0.jar;C:\Users\alexi\.m2\repository\org\apache\camel\springboot\camel-validator-starter\3.11.0\camel-validator-starter-3.11.0.jar;C:\Users\alexi\.m2\repository\org\apache\camel\camel-validator\3.11.0\camel-validator-3.11.0.jar;C:\Users\alexi\.m2\repository\org\apache\camel\springboot\camel-vm-starter\3.11.0\camel-vm-starter-3.11.0.jar;C:\Users\alexi\.m2\repository\org\apache\camel\camel-vm\3.11.0\camel-vm-3.11.0.jar;C:\Users\alexi\.m2\repository\org\apache\camel\springboot\camel-xpath-starter\3.11.0\camel-xpath-starter-3.11.0.jar;C:\Users\alexi\.m2\repository\org\apache\camel\camel-xpath\3.11.0\camel-xpath-3.11.0.jar;C:\Users\alexi\.m2\repository\org\apache\camel\springboot\camel-xslt-starter\3.11.0\camel-xslt-starter-3.11.0.jar;C:\Users\alexi\.m2\repository\org\apache\camel\camel-xslt\3.11.0\camel-xslt-3.11.0.jar;C:\Users\alexi\.m2\repository\org\apache\camel\springboot\camel-xml-jaxp-starter\3.11.0\camel-xml-jaxp-starter-3.11.0.jar;C:\Users\alexi\.m2\repository\org\apache\camel\camel-xml-jaxp\3.11.0\camel-xml-jaxp-3.11.0.jar;C:\Users\alexi\.m2\repository\org\apache\camel\camel-xml-io-util\3.11.0\camel-xml-io-util-3.11.0.jar;C:\Users\alexi\.m2\repository\org\apache\camel\springboot\camel-stream-starter\3.11.0\camel-stream-starter-3.11.0.jar;C:\Users\alexi\.m2\repository\org\apache\camel\camel-stream\3.11.0\camel-stream-3.11.0.jar;C:\Users\alexi\.m2\repository\org\apache\camel\camel-support\3.11.0\camel-support-3.11.0.jar;C:\Users\alexi\.m2\repository\org\springframework\boot\spring-boot-starter-test\2.5.1\spring-boot-starter-test-2.5.1.jar;C:\Users\alexi\.m2\repository\org\springframework\boot\spring-boot-test\2.5.1\spring-boot-test-2.5.1.jar;C:\Users\alexi\.m2\repository\org\springframework\boot\spring-boot-test-autoconfigure\2.5.1\spring-boot-test-autoconfigure-2.5.1.jar;C:\Users\alexi\.m2\repository\com\jayway\jsonpath\json-path\2.5.0\json-path-2.5.0.jar;C:\Users\alexi\.m2\repository\net\minidev\json-smart\2.4.7\json-smart-2.4.7.jar;C:\Users\alexi\.m2\repository\net\minidev\accessors-smart\2.4.7\accessors-smart-2.4.7.jar;C:\Users\alexi\.m2\repository\org\ow2\asm\asm\9.1\asm-9.1.jar;C:\Users\alexi\.m2\repository\org\slf4j\slf4j-api\1.7.30\slf4j-api-1.7.30.jar;C:\Users\alexi\.m2\repository\jakarta\xml\bind\jakarta.xml.bind-api\2.3.3\jakarta.xml.bind-api-2.3.3.jar;C:\Users\alexi\.m2\repository\jakarta\activation\jakarta.activation-api\1.2.2\jakarta.activation-api-1.2.2.jar;C:\Users\alexi\.m2\repository\org\assertj\assertj-core\3.19.0\assertj-core-3.19.0.jar;C:\Users\alexi\.m2\repository\org\hamcrest\hamcrest\2.2\hamcrest-2.2.jar;C:\Users\alexi\.m2\repository\org\junit\jupiter\junit-jupiter\5.7.2\junit-jupiter-5.7.2.jar;C:\Users\alexi\.m2\repository\org\junit\jupiter\junit-jupiter-api\5.7.2\junit-jupiter-api-5.7.2.jar;C:\Users\alexi\.m2\repository\org\apiguardian\apiguardian-api\1.1.0\apiguardian-api-1.1.0.jar;C:\Users\alexi\.m2\repository\org\opentest4j\opentest4j\1.2.0\opentest4j-1.2.0.jar;C:\Users\alexi\.m2\repository\org\junit\platform\junit-platform-commons\1.7.2\junit-platform-commons-1.7.2.jar;C:\Users\alexi\.m2\repository\org\junit\jupiter\junit-jupiter-params\5.7.2\junit-jupiter-params-5.7.2.jar;C:\Users\alexi\.m2\repository\org\junit\jupiter\junit-jupiter-engine\5.7.2\junit-jupiter-engine-5.7.2.jar;C:\Users\alexi\.m2\repository\org\junit\platform\junit-platform-engine\1.7.2\junit-platform-engine-1.7.2.jar;C:\Users\alexi\.m2\repository\org\mockito\mockito-core\3.9.0\mockito-core-3.9.0.jar;C:\Users\alexi\.m2\repository\net\bytebuddy\byte-buddy\1.10.22\byte-buddy-1.10.22.jar;C:\Users\alexi\.m2\repository\net\bytebuddy\byte-buddy-agent\1.10.22\byte-buddy-agent-1.10.22.jar;C:\Users\alexi\.m2\repository\org\objenesis\objenesis\3.2\objenesis-3.2.jar;C:\Users\alexi\.m2\repository\org\mockito\mockito-junit-jupiter\3.9.0\mockito-junit-jupiter-3.9.0.jar;C:\Users\alexi\.m2\repository\org\skyscreamer\jsonassert\1.5.0\jsonassert-1.5.0.jar;C:\Users\alexi\.m2\repository\com\vaadin\external\google\android-json\0.0.20131108.vaadin1\android-json-0.0.20131108.vaadin1.jar;C:\Users\alexi\.m2\repository\org\springframework\spring-core\5.3.8\spring-core-5.3.8.jar;C:\Users\alexi\.m2\repository\org\springframework\spring-jcl\5.3.8\spring-jcl-5.3.8.jar;C:\Users\alexi\.m2\repository\org\springframework\spring-test\5.3.8\spring-test-5.3.8.jar;C:\Users\alexi\.m2\repository\org\xmlunit\xmlunit-core\2.8.2\xmlunit-core-2.8.2.jar;C:\Users\alexi\.m2\repository\org\apache\camel\camel-test-spring-junit5\3.11.0\camel-test-spring-junit5-3.11.0.jar;C:\Users\alexi\.m2\repository\org\apache\camel\camel-test-junit5\3.11.0\camel-test-junit5-3.11.0.jar;C:\Users\alexi\.m2\repository\org\apache\camel\camel-core-languages\3.11.0\camel-core-languages-3.11.0.jar;C:\Users\alexi\.m2\repository\org\apache\camel\camel-spring-xml\3.11.0\camel-spring-xml-3.11.0.jar;C:\Users\alexi\.m2\repository\org\apache\camel\camel-xml-jaxb\3.11.0\camel-xml-jaxb-3.11.0.jar;C:\Users\alexi\.m2\repository\com\sun\xml\bind\jaxb-core\2.3.0\jaxb-core-2.3.0.jar;C:\Users\alexi\.m2\repository\com\sun\xml\bind\jaxb-impl\2.3.3\jaxb-impl-2.3.3.jar;C:\Users\alexi\.m2\repository\com\sun\activation\jakarta.activation\1.2.2\jakarta.activation-1.2.2.jar;C:\Users\alexi\.m2\repository\org\apache\camel\camel-core-xml\3.11.0\camel-core-xml-3.11.0.jar;"/>
    <property name="java.vm.vendor" value="Oracle Corporation"/>
    <property name="sun.arch.data.model" value="64"/>
    <property name="user.variant" value=""/>
    <property name="java.vendor.url" value="http://java.oracle.com/"/>
    <property name="user.timezone" value="America/Buenos_Aires"/>
    <property name="java.vm.specification.version" value="1.8"/>
    <property name="os.name" value="Windows 10"/>
    <property name="sun.java.launcher" value="SUN_STANDARD"/>
    <property name="user.country" value="ES"/>
    <property name="sun.boot.library.path" value="C:\Program Files\Java\jdk1.8.0_281\jre\bin"/>
    <property name="sun.java.command" value="C:\Users\alexi\AppData\Local\Temp\surefire2430040868071214422\surefirebooter3137475774079975941.jar C:\Users\alexi\AppData\Local\Temp\surefire2430040868071214422 2022-08-04T12-46-11_312-jvmRun1 surefire978119516710681254tmp surefire_01734701606848388099tmp"/>
    <property name="surefire.test.class.path" value="C:\Users\alexi\Desktop\Assert\Taller\CamelCapacitacionVideos\firstCamel\firstcamel\target\test-classes;C:\Users\alexi\Desktop\Assert\Taller\CamelCapacitacionVideos\firstCamel\firstcamel\target\classes;C:\Users\alexi\.m2\repository\org\springframework\boot\spring-boot-starter-web\2.5.1\spring-boot-starter-web-2.5.1.jar;C:\Users\alexi\.m2\repository\org\springframework\boot\spring-boot-starter\2.5.1\spring-boot-starter-2.5.1.jar;C:\Users\alexi\.m2\repository\org\springframework\boot\spring-boot\2.5.1\spring-boot-2.5.1.jar;C:\Users\alexi\.m2\repository\org\springframework\boot\spring-boot-autoconfigure\2.5.1\spring-boot-autoconfigure-2.5.1.jar;C:\Users\alexi\.m2\repository\org\springframework\boot\spring-boot-starter-logging\2.5.1\spring-boot-starter-logging-2.5.1.jar;C:\Users\alexi\.m2\repository\ch\qos\logback\logback-classic\1.2.3\logback-classic-1.2.3.jar;C:\Users\alexi\.m2\repository\ch\qos\logback\logback-core\1.2.3\logback-core-1.2.3.jar;C:\Users\alexi\.m2\repository\org\apache\logging\log4j\log4j-to-slf4j\2.14.1\log4j-to-slf4j-2.14.1.jar;C:\Users\alexi\.m2\repository\org\apache\logging\log4j\log4j-api\2.14.1\log4j-api-2.14.1.jar;C:\Users\alexi\.m2\repository\org\slf4j\jul-to-slf4j\1.7.30\jul-to-slf4j-1.7.30.jar;C:\Users\alexi\.m2\repository\jakarta\annotation\jakarta.annotation-api\1.3.5\jakarta.annotation-api-1.3.5.jar;C:\Users\alexi\.m2\repository\org\yaml\snakeyaml\1.28\snakeyaml-1.28.jar;C:\Users\alexi\.m2\repository\org\springframework\boot\spring-boot-starter-json\2.5.1\spring-boot-starter-json-2.5.1.jar;C:\Users\alexi\.m2\repository\com\fasterxml\jackson\core\jackson-databind\2.12.3\jackson-databind-2.12.3.jar;C:\Users\alexi\.m2\repository\com\fasterxml\jackson\core\jackson-annotations\2.12.3\jackson-annotations-2.12.3.jar;C:\Users\alexi\.m2\repository\com\fasterxml\jackson\core\jackson-core\2.12.3\jackson-core-2.12.3.jar;C:\Users\alexi\.m2\repository\com\fasterxml\jackson\datatype\jackson-datatype-jdk8\2.12.3\jackson-datatype-jdk8-2.12.3.jar;C:\Users\alexi\.m2\repository\com\fasterxml\jackson\datatype\jackson-datatype-jsr310\2.12.3\jackson-datatype-jsr310-2.12.3.jar;C:\Users\alexi\.m2\repository\com\fasterxml\jackson\module\jackson-module-parameter-names\2.12.3\jackson-module-parameter-names-2.12.3.jar;C:\Users\alexi\.m2\repository\org\springframework\spring-web\5.3.8\spring-web-5.3.8.jar;C:\Users\alexi\.m2\repository\org\springframework\spring-beans\5.3.8\spring-beans-5.3.8.jar;C:\Users\alexi\.m2\repository\org\springframework\spring-webmvc\5.3.8\spring-webmvc-5.3.8.jar;C:\Users\alexi\.m2\repository\org\springframework\spring-aop\5.3.8\spring-aop-5.3.8.jar;C:\Users\alexi\.m2\repository\org\springframework\spring-context\5.3.8\spring-context-5.3.8.jar;C:\Users\alexi\.m2\repository\org\springframework\spring-expression\5.3.8\spring-expression-5.3.8.jar;C:\Users\alexi\.m2\repository\org\springframework\boot\spring-boot-starter-undertow\2.5.1\spring-boot-starter-undertow-2.5.1.jar;C:\Users\alexi\.m2\repository\io\undertow\undertow-core\2.2.8.Final\undertow-core-2.2.8.Final.jar;C:\Users\alexi\.m2\repository\org\jboss\logging\jboss-logging\3.4.2.Final\jboss-logging-3.4.2.Final.jar;C:\Users\alexi\.m2\repository\org\jboss\xnio\xnio-api\3.8.0.Final\xnio-api-3.8.0.Final.jar;C:\Users\alexi\.m2\repository\org\wildfly\common\wildfly-common\1.5.2.Final\wildfly-common-1.5.2.Final.jar;C:\Users\alexi\.m2\repository\org\wildfly\client\wildfly-client-config\1.0.1.Final\wildfly-client-config-1.0.1.Final.jar;C:\Users\alexi\.m2\repository\org\jboss\xnio\xnio-nio\3.8.0.Final\xnio-nio-3.8.0.Final.jar;C:\Users\alexi\.m2\repository\org\jboss\threads\jboss-threads\3.1.0.Final\jboss-threads-3.1.0.Final.jar;C:\Users\alexi\.m2\repository\io\undertow\undertow-servlet\2.2.8.Final\undertow-servlet-2.2.8.Final.jar;C:\Users\alexi\.m2\repository\org\jboss\spec\javax\annotation\jboss-annotations-api_1.3_spec\2.0.1.Final\jboss-annotations-api_1.3_spec-2.0.1.Final.jar;C:\Users\alexi\.m2\repository\io\undertow\undertow-websockets-jsr\2.2.8.Final\undertow-websockets-jsr-2.2.8.Final.jar;C:\Users\alexi\.m2\repository\org\jboss\spec\javax\websocket\jboss-websocket-api_1.1_spec\2.0.0.Final\jboss-websocket-api_1.1_spec-2.0.0.Final.jar;C:\Users\alexi\.m2\repository\jakarta\servlet\jakarta.servlet-api\4.0.4\jakarta.servlet-api-4.0.4.jar;C:\Users\alexi\.m2\repository\org\apache\tomcat\embed\tomcat-embed-el\9.0.46\tomcat-embed-el-9.0.46.jar;C:\Users\alexi\.m2\repository\org\springframework\boot\spring-boot-starter-actuator\2.5.1\spring-boot-starter-actuator-2.5.1.jar;C:\Users\alexi\.m2\repository\org\springframework\boot\spring-boot-actuator-autoconfigure\2.5.1\spring-boot-actuator-autoconfigure-2.5.1.jar;C:\Users\alexi\.m2\repository\org\springframework\boot\spring-boot-actuator\2.5.1\spring-boot-actuator-2.5.1.jar;C:\Users\alexi\.m2\repository\io\micrometer\micrometer-core\1.7.0\micrometer-core-1.7.0.jar;C:\Users\alexi\.m2\repository\org\hdrhistogram\HdrHistogram\2.1.12\HdrHistogram-2.1.12.jar;C:\Users\alexi\.m2\repository\org\latencyutils\LatencyUtils\2.0.3\LatencyUtils-2.0.3.jar;C:\Users\alexi\.m2\repository\org\apache\camel\springboot\camel-spring-boot-starter\3.11.0\camel-spring-boot-starter-3.11.0.jar;C:\Users\alexi\.m2\repository\org\apache\camel\springboot\camel-spring-boot\3.11.0\camel-spring-boot-3.11.0.jar;C:\Users\alexi\.m2\repository\org\apache\camel\camel-spring\3.11.0\camel-spring-3.11.0.jar;C:\Users\alexi\.m2\repository\org\apache\camel\camel-management-api\3.11.0\camel-management-api-3.11.0.jar;C:\Users\alexi\.m2\repository\org\springframework\spring-tx\5.3.8\spring-tx-5.3.8.jar;C:\Users\alexi\.m2\repository\org\apache\camel\camel-spring-main\3.11.0\camel-spring-main-3.11.0.jar;C:\Users\alexi\.m2\repository\org\apache\camel\camel-main\3.11.0\camel-main-3.11.0.jar;C:\Users\alexi\.m2\repository\org\apache\camel\camel-base\3.11.0\camel-base-3.11.0.jar;C:\Users\alexi\.m2\repository\org\apache\camel\camel-xml-jaxb-dsl\3.11.0\camel-xml-jaxb-dsl-3.11.0.jar;C:\Users\alexi\.m2\repository\org\apache\camel\camel-core-model\3.11.0\camel-core-model-3.11.0.jar;C:\Users\alexi\.m2\repository\org\apache\camel\camel-core-processor\3.11.0\camel-core-processor-3.11.0.jar;C:\Users\alexi\.m2\repository\org\apache\camel\camel-dsl-support\3.11.0\camel-dsl-support-3.11.0.jar;C:\Users\alexi\.m2\repository\org\apache\camel\camel-endpointdsl\3.11.0\camel-endpointdsl-3.11.0.jar;C:\Users\alexi\.m2\repository\org\apache\camel\camel-cloud\3.11.0\camel-cloud-3.11.0.jar;C:\Users\alexi\.m2\repository\org\apache\camel\camel-cluster\3.11.0\camel-cluster-3.11.0.jar;C:\Users\alexi\.m2\repository\org\apache\camel\camel-base-engine\3.11.0\camel-base-engine-3.11.0.jar;C:\Users\alexi\.m2\repository\org\apache\camel\camel-health\3.11.0\camel-health-3.11.0.jar;C:\Users\alexi\.m2\repository\org\apache\camel\springboot\camel-core-starter\3.11.0\camel-core-starter-3.11.0.jar;C:\Users\alexi\.m2\repository\org\apache\camel\camel-core-engine\3.11.0\camel-core-engine-3.11.0.jar;C:\Users\alexi\.m2\repository\org\apache\camel\camel-api\3.11.0\camel-api-3.11.0.jar;C:\Users\alexi\.m2\repository\org\apache\camel\camel-core-reifier\3.11.0\camel-core-reifier-3.11.0.jar;C:\Users\alexi\.m2\repository\org\apache\camel\camel-util\3.11.0\camel-util-3.11.0.jar;C:\Users\alexi\.m2\repository\org\apache\camel\springboot\camel-bean-starter\3.11.0\camel-bean-starter-3.11.0.jar;C:\Users\alexi\.m2\repository\org\apache\camel\camel-bean\3.11.0\camel-bean-3.11.0.jar;C:\Users\alexi\.m2\repository\org\apache\camel\springboot\camel-browse-starter\3.11.0\camel-browse-starter-3.11.0.jar;C:\Users\alexi\.m2\repository\org\apache\camel\camel-browse\3.11.0\camel-browse-3.11.0.jar;C:\Users\alexi\.m2\repository\org\apache\camel\springboot\camel-controlbus-starter\3.11.0\camel-controlbus-starter-3.11.0.jar;C:\Users\alexi\.m2\repository\org\apache\camel\camel-controlbus\3.11.0\camel-controlbus-3.11.0.jar;C:\Users\alexi\.m2\repository\org\apache\camel\springboot\camel-dataformat-starter\3.11.0\camel-dataformat-starter-3.11.0.jar;C:\Users\alexi\.m2\repository\org\apache\camel\camel-dataformat\3.11.0\camel-dataformat-3.11.0.jar;C:\Users\alexi\.m2\repository\org\apache\camel\springboot\camel-dataset-starter\3.11.0\camel-dataset-starter-3.11.0.jar;C:\Users\alexi\.m2\repository\org\apache\camel\camel-dataset\3.11.0\camel-dataset-3.11.0.jar;C:\Users\alexi\.m2\repository\org\apache\camel\springboot\camel-direct-starter\3.11.0\camel-direct-starter-3.11.0.jar;C:\Users\alexi\.m2\repository\org\apache\camel\camel-direct\3.11.0\camel-direct-3.11.0.jar;C:\Users\alexi\.m2\repository\org\apache\camel\springboot\camel-directvm-starter\3.11.0\camel-directvm-starter-3.11.0.jar;C:\Users\alexi\.m2\repository\org\apache\camel\camel-directvm\3.11.0\camel-directvm-3.11.0.jar;C:\Users\alexi\.m2\repository\org\apache\camel\springboot\camel-file-starter\3.11.0\camel-file-starter-3.11.0.jar;C:\Users\alexi\.m2\repository\org\apache\camel\camel-file\3.11.0\camel-file-3.11.0.jar;C:\Users\alexi\.m2\repository\org\apache\camel\springboot\camel-language-starter\3.11.0\camel-language-starter-3.11.0.jar;C:\Users\alexi\.m2\repository\org\apache\camel\camel-language\3.11.0\camel-language-3.11.0.jar;C:\Users\alexi\.m2\repository\org\apache\camel\springboot\camel-log-starter\3.11.0\camel-log-starter-3.11.0.jar;C:\Users\alexi\.m2\repository\org\apache\camel\camel-log\3.11.0\camel-log-3.11.0.jar;C:\Users\alexi\.m2\repository\org\apache\camel\springboot\camel-mock-starter\3.11.0\camel-mock-starter-3.11.0.jar;C:\Users\alexi\.m2\repository\org\apache\camel\camel-mock\3.11.0\camel-mock-3.11.0.jar;C:\Users\alexi\.m2\repository\org\apache\camel\springboot\camel-ref-starter\3.11.0\camel-ref-starter-3.11.0.jar;C:\Users\alexi\.m2\repository\org\apache\camel\camel-ref\3.11.0\camel-ref-3.11.0.jar;C:\Users\alexi\.m2\repository\org\apache\camel\springboot\camel-rest-starter\3.11.0\camel-rest-starter-3.11.0.jar;C:\Users\alexi\.m2\repository\org\apache\camel\camel-rest\3.11.0\camel-rest-3.11.0.jar;C:\Users\alexi\.m2\repository\org\apache\camel\camel-tooling-model\3.11.0\camel-tooling-model-3.11.0.jar;C:\Users\alexi\.m2\repository\org\apache\camel\camel-util-json\3.11.0\camel-util-json-3.11.0.jar;C:\Users\alexi\.m2\repository\org\apache\camel\springboot\camel-saga-starter\3.11.0\camel-saga-starter-3.11.0.jar;C:\Users\alexi\.m2\repository\org\apache\camel\camel-saga\3.11.0\camel-saga-3.11.0.jar;C:\Users\alexi\.m2\repository\org\apache\camel\springboot\camel-scheduler-starter\3.11.0\camel-scheduler-starter-3.11.0.jar;C:\Users\alexi\.m2\repository\org\apache\camel\camel-scheduler\3.11.0\camel-scheduler-3.11.0.jar;C:\Users\alexi\.m2\repository\org\apache\camel\springboot\camel-seda-starter\3.11.0\camel-seda-starter-3.11.0.jar;C:\Users\alexi\.m2\repository\org\apache\camel\camel-seda\3.11.0\camel-seda-3.11.0.jar;C:\Users\alexi\.m2\repository\org\apache\camel\springboot\camel-stub-starter\3.11.0\camel-stub-starter-3.11.0.jar;C:\Users\alexi\.m2\repository\org\apache\camel\camel-stub\3.11.0\camel-stub-3.11.0.jar;C:\Users\alexi\.m2\repository\org\apache\camel\springboot\camel-timer-starter\3.11.0\camel-timer-starter-3.11.0.jar;C:\Users\alexi\.m2\repository\org\apache\camel\camel-timer\3.11.0\camel-timer-3.11.0.jar;C:\Users\alexi\.m2\repository\org\apache\camel\springboot\camel-validator-starter\3.11.0\camel-validator-starter-3.11.0.jar;C:\Users\alexi\.m2\repository\org\apache\camel\camel-validator\3.11.0\camel-validator-3.11.0.jar;C:\Users\alexi\.m2\repository\org\apache\camel\springboot\camel-vm-starter\3.11.0\camel-vm-starter-3.11.0.jar;C:\Users\alexi\.m2\repository\org\apache\camel\camel-vm\3.11.0\camel-vm-3.11.0.jar;C:\Users\alexi\.m2\repository\org\apache\camel\springboot\camel-xpath-starter\3.11.0\camel-xpath-starter-3.11.0.jar;C:\Users\alexi\.m2\repository\org\apache\camel\camel-xpath\3.11.0\camel-xpath-3.11.0.jar;C:\Users\alexi\.m2\repository\org\apache\camel\springboot\camel-xslt-starter\3.11.0\camel-xslt-starter-3.11.0.jar;C:\Users\alexi\.m2\repository\org\apache\camel\camel-xslt\3.11.0\camel-xslt-3.11.0.jar;C:\Users\alexi\.m2\repository\org\apache\camel\springboot\camel-xml-jaxp-starter\3.11.0\camel-xml-jaxp-starter-3.11.0.jar;C:\Users\alexi\.m2\repository\org\apache\camel\camel-xml-jaxp\3.11.0\camel-xml-jaxp-3.11.0.jar;C:\Users\alexi\.m2\repository\org\apache\camel\camel-xml-io-util\3.11.0\camel-xml-io-util-3.11.0.jar;C:\Users\alexi\.m2\repository\org\apache\camel\springboot\camel-stream-starter\3.11.0\camel-stream-starter-3.11.0.jar;C:\Users\alexi\.m2\repository\org\apache\camel\camel-stream\3.11.0\camel-stream-3.11.0.jar;C:\Users\alexi\.m2\repository\org\apache\camel\camel-support\3.11.0\camel-support-3.11.0.jar;C:\Users\alexi\.m2\repository\org\springframework\boot\spring-boot-starter-test\2.5.1\spring-boot-starter-test-2.5.1.jar;C:\Users\alexi\.m2\repository\org\springframework\boot\spring-boot-test\2.5.1\spring-boot-test-2.5.1.jar;C:\Users\alexi\.m2\repository\org\springframework\boot\spring-boot-test-autoconfigure\2.5.1\spring-boot-test-autoconfigure-2.5.1.jar;C:\Users\alexi\.m2\repository\com\jayway\jsonpath\json-path\2.5.0\json-path-2.5.0.jar;C:\Users\alexi\.m2\repository\net\minidev\json-smart\2.4.7\json-smart-2.4.7.jar;C:\Users\alexi\.m2\repository\net\minidev\accessors-smart\2.4.7\accessors-smart-2.4.7.jar;C:\Users\alexi\.m2\repository\org\ow2\asm\asm\9.1\asm-9.1.jar;C:\Users\alexi\.m2\repository\org\slf4j\slf4j-api\1.7.30\slf4j-api-1.7.30.jar;C:\Users\alexi\.m2\repository\jakarta\xml\bind\jakarta.xml.bind-api\2.3.3\jakarta.xml.bind-api-2.3.3.jar;C:\Users\alexi\.m2\repository\jakarta\activation\jakarta.activation-api\1.2.2\jakarta.activation-api-1.2.2.jar;C:\Users\alexi\.m2\repository\org\assertj\assertj-core\3.19.0\assertj-core-3.19.0.jar;C:\Users\alexi\.m2\repository\org\hamcrest\hamcrest\2.2\hamcrest-2.2.jar;C:\Users\alexi\.m2\repository\org\junit\jupiter\junit-jupiter\5.7.2\junit-jupiter-5.7.2.jar;C:\Users\alexi\.m2\repository\org\junit\jupiter\junit-jupiter-api\5.7.2\junit-jupiter-api-5.7.2.jar;C:\Users\alexi\.m2\repository\org\apiguardian\apiguardian-api\1.1.0\apiguardian-api-1.1.0.jar;C:\Users\alexi\.m2\repository\org\opentest4j\opentest4j\1.2.0\opentest4j-1.2.0.jar;C:\Users\alexi\.m2\repository\org\junit\platform\junit-platform-commons\1.7.2\junit-platform-commons-1.7.2.jar;C:\Users\alexi\.m2\repository\org\junit\jupiter\junit-jupiter-params\5.7.2\junit-jupiter-params-5.7.2.jar;C:\Users\alexi\.m2\repository\org\junit\jupiter\junit-jupiter-engine\5.7.2\junit-jupiter-engine-5.7.2.jar;C:\Users\alexi\.m2\repository\org\junit\platform\junit-platform-engine\1.7.2\junit-platform-engine-1.7.2.jar;C:\Users\alexi\.m2\repository\org\mockito\mockito-core\3.9.0\mockito-core-3.9.0.jar;C:\Users\alexi\.m2\repository\net\bytebuddy\byte-buddy\1.10.22\byte-buddy-1.10.22.jar;C:\Users\alexi\.m2\repository\net\bytebuddy\byte-buddy-agent\1.10.22\byte-buddy-agent-1.10.22.jar;C:\Users\alexi\.m2\repository\org\objenesis\objenesis\3.2\objenesis-3.2.jar;C:\Users\alexi\.m2\repository\org\mockito\mockito-junit-jupiter\3.9.0\mockito-junit-jupiter-3.9.0.jar;C:\Users\alexi\.m2\repository\org\skyscreamer\jsonassert\1.5.0\jsonassert-1.5.0.jar;C:\Users\alexi\.m2\repository\com\vaadin\external\google\android-json\0.0.20131108.vaadin1\android-json-0.0.20131108.vaadin1.jar;C:\Users\alexi\.m2\repository\org\springframework\spring-core\5.3.8\spring-core-5.3.8.jar;C:\Users\alexi\.m2\repository\org\springframework\spring-jcl\5.3.8\spring-jcl-5.3.8.jar;C:\Users\alexi\.m2\repository\org\springframework\spring-test\5.3.8\spring-test-5.3.8.jar;C:\Users\alexi\.m2\repository\org\xmlunit\xmlunit-core\2.8.2\xmlunit-core-2.8.2.jar;C:\Users\alexi\.m2\repository\org\apache\camel\camel-test-spring-junit5\3.11.0\camel-test-spring-junit5-3.11.0.jar;C:\Users\alexi\.m2\repository\org\apache\camel\camel-test-junit5\3.11.0\camel-test-junit5-3.11.0.jar;C:\Users\alexi\.m2\repository\org\apache\camel\camel-core-languages\3.11.0\camel-core-languages-3.11.0.jar;C:\Users\alexi\.m2\repository\org\apache\camel\camel-spring-xml\3.11.0\camel-spring-xml-3.11.0.jar;C:\Users\alexi\.m2\repository\org\apache\camel\camel-xml-jaxb\3.11.0\camel-xml-jaxb-3.11.0.jar;C:\Users\alexi\.m2\repository\com\sun\xml\bind\jaxb-core\2.3.0\jaxb-core-2.3.0.jar;C:\Users\alexi\.m2\repository\com\sun\xml\bind\jaxb-impl\2.3.3\jaxb-impl-2.3.3.jar;C:\Users\alexi\.m2\repository\com\sun\activation\jakarta.activation\1.2.2\jakarta.activation-1.2.2.jar;C:\Users\alexi\.m2\repository\org\apache\camel\camel-core-xml\3.11.0\camel-core-xml-3.11.0.jar;"/>
    <property name="sun.cpu.endian" value="little"/>
    <property name="user.home" value="C:\Users\alexi"/>
    <property name="user.language" value="es"/>
    <property name="java.specification.vendor" value="Oracle Corporation"/>
    <property name="java.home" value="C:\Program Files\Java\jdk1.8.0_281\jre"/>
    <property name="basedir" value="C:\Users\alexi\Desktop\Assert\Taller\CamelCapacitacionVideos\firstCamel\firstcamel"/>
    <property name="file.separator" value="\"/>
    <property name="line.separator" value="&#10;"/>
    <property name="java.vm.specification.vendor" value="Oracle Corporation"/>
    <property name="java.specification.name" value="Java Platform API Specification"/>
    <property name="FILE_LOG_CHARSET" value="windows-1252"/>
    <property name="java.awt.graphicsenv" value="sun.awt.Win32GraphicsEnvironment"/>
    <property name="java.awt.headless" value="true"/>
    <property name="surefire.real.class.path" value="C:\Users\alexi\AppData\Local\Temp\surefire2430040868071214422\surefirebooter3137475774079975941.jar"/>
    <property name="sun.boot.class.path" value="C:\Program Files\Java\jdk1.8.0_281\jre\lib\resources.jar;C:\Program Files\Java\jdk1.8.0_281\jre\lib\rt.jar;C:\Program Files\Java\jdk1.8.0_281\jre\lib\sunrsasign.jar;C:\Program Files\Java\jdk1.8.0_281\jre\lib\jsse.jar;C:\Program Files\Java\jdk1.8.0_281\jre\lib\jce.jar;C:\Program Files\Java\jdk1.8.0_281\jre\lib\charsets.jar;C:\Program Files\Java\jdk1.8.0_281\jre\lib\jfr.jar;C:\Program Files\Java\jdk1.8.0_281\jre\classes"/>
    <property name="user.script" value=""/>
    <property name="sun.management.compiler" value="HotSpot 64-Bit Tiered Compilers"/>
    <property name="java.runtime.version" value="1.8.0_281-b09"/>
    <property name="user.name" value="alexi"/>
    <property name="path.separator" value=";"/>
    <property name="os.version" value="10.0"/>
    <property name="java.endorsed.dirs" value="C:\Program Files\Java\jdk1.8.0_281\jre\lib\endorsed"/>
    <property name="java.runtime.name" value="Java(TM) SE Runtime Environment"/>
    <property name="file.encoding" value="UTF-8"/>
    <property name="spring.beaninfo.ignore" value="true"/>
    <property name="java.vm.name" value="Java HotSpot(TM) 64-Bit Server VM"/>
    <property name="maven.ext.class.path" value="C:\Program Files\NetBeans-14\netbeans\java\maven-nblib\netbeans-eventspy.jar"/>
    <property name="localRepository" value="C:\Users\alexi\.m2\repository"/>
    <property name="java.vendor.url.bug" value="http://bugreport.sun.com/bugreport/"/>
    <property name="java.io.tmpdir" value="C:\Users\alexi\AppData\Local\Temp\"/>
    <property name="java.version" value="1.8.0_281"/>
    <property name="user.dir" value="C:\Users\alexi\Desktop\Assert\Taller\CamelCapacitacionVideos\firstCamel\firstcamel"/>
    <property name="os.arch" value="amd64"/>
    <property name="java.vm.specification.name" value="Java Virtual Machine Specification"/>
    <property name="PID" value="5260"/>
    <property name="java.awt.printerjob" value="sun.awt.windows.WPrinterJob"/>
    <property name="sun.os.patch.level" value=""/>
    <property name="CONSOLE_LOG_CHARSET" value="windows-1252"/>
    <property name="java.library.path" value="C:\Program Files\Java\jdk1.8.0_281\jre\bin;C:\WINDOWS\Sun\Java\bin;C:\WINDOWS\system32;C:\WINDOWS;C:\Program Files (x86)\NVIDIA Corporation\PhysX\Common;C:\Program Files\Common Files\Oracle\Java\javapath;C:\Program Files (x86)\Common Files\Oracle\Java\javapath;C:\WINDOWS\system32;C:\WINDOWS;C:\WINDOWS\System32\Wbem;C:\WINDOWS\System32\WindowsPowerShell\v1.0\;C:\WINDOWS\System32\OpenSSH\;C:\oc;C:\Program Files\Java\apache-maven-3.8.1;C:\Program Files\Java\apache-maven-3.8.1\bin;C:\Program Files\Java\jdk1.8.0_281\bin;C:\Program Files\Git\cmd;C:\s2i;C:\helm;C:\Users\alexi\AppData\Local\Microsoft\WindowsApps;;."/>
    <property name="java.vm.info" value="mixed mode"/>
    <property name="java.vendor" value="Oracle Corporation"/>
    <property name="java.vm.version" value="25.281-b09"/>
    <property name="java.ext.dirs" value="C:\Program Files\Java\jdk1.8.0_281\jre\lib\ext;C:\WINDOWS\Sun\Java\lib\ext"/>
    <property name="sun.io.unicode.encoding" value="UnicodeLittle"/>
    <property name="java.class.version" value="52.0"/>
  </properties>
  <testcase name="test" classname="org.camel.MySpringBootApplicationTest" time="0.879"/>
</testsuite>